#-----------------------------------------------------------
# Vivado v2016.3 (64-bit)
# SW Build 1682563 on Mon Oct 10 19:07:27 MDT 2016
# IP Build 1681267 on Mon Oct 10 21:28:31 MDT 2016
# Start of session at: Sat Mar 18 22:04:27 2017
# Process ID: 1528
# Current directory: C:/Users/Sakinder/AppData/Roaming/Xilinx/Vivado
# Command line: vivado.exe -gui_launcher_event rodinguilauncherevent13776
# Log file: C:/Users/Sakinder/AppData/Roaming/Xilinx/Vivado/vivado.log
# Journal file: C:/Users/Sakinder/AppData/Roaming/Xilinx/Vivado\vivado.jou
#-----------------------------------------------------------
start_gui
open_project C:/Sim/VIDEO_R7/VIDEO_R6.xpr
Scanning sources...
Finished scanning sources
INFO: [IP_Flow 19-234] Refreshing IP repositories
WARNING: [IP_Flow 19-1694] Ignoring duplicate Bus Definition IP file 'avnet.com:interface:avnet_hdmi:1.0' found within IP repository 'c:/Sim/VIDEO_IP_R1'.
File in use: c:/Sim/VIDEO_IP_R1/avnet_hdmi/avnet_hdmi.xml
File ignored: c:/Sim/VIDEO_IP_R1/hdmi_out/avnet_hdmi/avnet_hdmi.xml
WARNING: [IP_Flow 19-1694] Ignoring duplicate Bus Abstraction IP file 'avnet.com:interface:avnet_hdmi_rtl:1.0' found within IP repository 'c:/Sim/VIDEO_IP_R1'.
File in use: c:/Sim/VIDEO_IP_R1/avnet_hdmi/avnet_hdmi_rtl.xml
File ignored: c:/Sim/VIDEO_IP_R1/hdmi_out/avnet_hdmi/avnet_hdmi_rtl.xml
INFO: [IP_Flow 19-1700] Loaded user IP repository 'c:/Sim/VIDEO_IP_R1'.
INFO: [IP_Flow 19-2313] Loaded Vivado IP repository 'C:/Xilinx/Vivado/2016.3/data/ip'.
open_project: Time (s): cpu = 00:00:26 ; elapsed = 00:00:20 . Memory (MB): peak = 1010.289 ; gain = 332.824
archive_project C:/Sim/PASS/VIDEO_A3/VIDEO_R6.xpr.zip -temp_dir C:/Sim/PASS/VIDEO_A3 -force -exclude_run_results -include_config_settings
INFO: [Coretcl 2-137] starting archive...
INFO: [Coretcl 2-1499] Saving project copy to temporary location 'C:/Sim/PASS/VIDEO_A3' for archiving project
Scanning sources...
Finished scanning sources
INFO: [IP_Flow 19-234] Refreshing IP repositories
WARNING: [IP_Flow 19-1694] Ignoring duplicate Bus Definition IP file 'avnet.com:interface:avnet_hdmi:1.0' found within IP repository 'c:/Sim/VIDEO_IP_R1'.
File in use: c:/Sim/VIDEO_IP_R1/avnet_hdmi/avnet_hdmi.xml
File ignored: c:/Sim/VIDEO_IP_R1/hdmi_out/avnet_hdmi/avnet_hdmi.xml
WARNING: [IP_Flow 19-1694] Ignoring duplicate Bus Abstraction IP file 'avnet.com:interface:avnet_hdmi_rtl:1.0' found within IP repository 'c:/Sim/VIDEO_IP_R1'.
File in use: c:/Sim/VIDEO_IP_R1/avnet_hdmi/avnet_hdmi_rtl.xml
File ignored: c:/Sim/VIDEO_IP_R1/hdmi_out/avnet_hdmi/avnet_hdmi_rtl.xml
INFO: [IP_Flow 19-1700] Loaded user IP repository 'c:/Sim/VIDEO_IP_R1'.
INFO: [IP_Flow 19-2313] Loaded Vivado IP repository 'C:/Xilinx/Vivado/2016.3/data/ip'.
INFO: [Coretcl 2-1211] Creating project copy for archival...
INFO: [Coretcl 2-135] resetting runs for excluding generated files from archive...
WARNING: [Coretcl 2-105] Run 'synth_1' is currently active
INFO: [Coretcl 2-133] re-setting run 'synth_1'...
WARNING: [Coretcl 2-105] Run 'VIDEO_R6_processing_system7_0_0_synth_1' is currently active
INFO: [Coretcl 2-133] re-setting run 'VIDEO_R6_processing_system7_0_0_synth_1'...
WARNING: [Coretcl 2-105] Run 'VIDEO_R6_axi_vdma_0_0_synth_1' is currently active
INFO: [Coretcl 2-133] re-setting run 'VIDEO_R6_axi_vdma_0_0_synth_1'...
WARNING: [Coretcl 2-105] Run 'VIDEO_R6_v_tpg_0_0_synth_1' is currently active
INFO: [Coretcl 2-133] re-setting run 'VIDEO_R6_v_tpg_0_0_synth_1'...
WARNING: [Coretcl 2-105] Run 'VIDEO_R6_xlconcat_0_0_synth_1' is currently active
INFO: [Coretcl 2-133] re-setting run 'VIDEO_R6_xlconcat_0_0_synth_1'...
WARNING: [Coretcl 2-105] Run 'VIDEO_R6_fmc_imageon_hdmi_out_0_0_synth_1' is currently active
INFO: [Coretcl 2-133] re-setting run 'VIDEO_R6_fmc_imageon_hdmi_out_0_0_synth_1'...
WARNING: [Coretcl 2-105] Run 'VIDEO_R6_v_rgb2ycrcb_0_0_synth_1' is currently active
INFO: [Coretcl 2-133] re-setting run 'VIDEO_R6_v_rgb2ycrcb_0_0_synth_1'...
WARNING: [Coretcl 2-105] Run 'VIDEO_R6_v_axi4s_vid_out_0_0_synth_1' is currently active
INFO: [Coretcl 2-133] re-setting run 'VIDEO_R6_v_axi4s_vid_out_0_0_synth_1'...
WARNING: [Coretcl 2-105] Run 'VIDEO_R6_axi_iic_0_0_synth_1' is currently active
INFO: [Coretcl 2-133] re-setting run 'VIDEO_R6_axi_iic_0_0_synth_1'...
WARNING: [Coretcl 2-105] Run 'VIDEO_R6_v_cresample_0_0_synth_1' is currently active
INFO: [Coretcl 2-133] re-setting run 'VIDEO_R6_v_cresample_0_0_synth_1'...
WARNING: [Coretcl 2-105] Run 'VIDEO_R6_axis_subset_converter_0_0_synth_1' is currently active
INFO: [Coretcl 2-133] re-setting run 'VIDEO_R6_axis_subset_converter_0_0_synth_1'...
WARNING: [Coretcl 2-105] Run 'VIDEO_R6_v_tc_0_0_synth_1' is currently active
INFO: [Coretcl 2-133] re-setting run 'VIDEO_R6_v_tc_0_0_synth_1'...
WARNING: [Coretcl 2-105] Run 'VIDEO_R6_xlconstant_0_0_synth_1' is currently active
INFO: [Coretcl 2-133] re-setting run 'VIDEO_R6_xlconstant_0_0_synth_1'...
WARNING: [Coretcl 2-105] Run 'VIDEO_R6_GND_0_synth_1' is currently active
INFO: [Coretcl 2-133] re-setting run 'VIDEO_R6_GND_0_synth_1'...
WARNING: [Coretcl 2-105] Run 'VIDEO_R6_clk_wiz_0_0_synth_1' is currently active
INFO: [Coretcl 2-133] re-setting run 'VIDEO_R6_clk_wiz_0_0_synth_1'...
WARNING: [Coretcl 2-105] Run 'VIDEO_R6_ILAS_V5_0_synth_1' is currently active
INFO: [Coretcl 2-133] re-setting run 'VIDEO_R6_ILAS_V5_0_synth_1'...
WARNING: [Coretcl 2-105] Run 'V1_SYNTH' is currently active
INFO: [Coretcl 2-133] re-setting run 'V1_SYNTH'...
WARNING: [Coretcl 2-105] Run 'VIDEO_R6_ILAS_V1_0_synth_1' is currently active
INFO: [Coretcl 2-133] re-setting run 'VIDEO_R6_ILAS_V1_0_synth_1'...
WARNING: [Coretcl 2-105] Run 'VIDEO_R6_auto_cc_0_synth_1' is currently active
INFO: [Coretcl 2-133] re-setting run 'VIDEO_R6_auto_cc_0_synth_1'...
WARNING: [Coretcl 2-105] Run 'VIDEO_R6_ila_0_0_synth_1' is currently active
INFO: [Coretcl 2-133] re-setting run 'VIDEO_R6_ila_0_0_synth_1'...
WARNING: [Coretcl 2-105] Run 'VIDEO_R6_v_ccm_0_0_synth_1' is currently active
INFO: [Coretcl 2-133] re-setting run 'VIDEO_R6_v_ccm_0_0_synth_1'...
WARNING: [Coretcl 2-105] Run 'VIDEO_R6_ila_0_1_synth_1' is currently active
INFO: [Coretcl 2-133] re-setting run 'VIDEO_R6_ila_0_1_synth_1'...
WARNING: [Coretcl 2-105] Run 'VIDEO_R6_xbar_3_synth_1' is currently active
INFO: [Coretcl 2-133] re-setting run 'VIDEO_R6_xbar_3_synth_1'...
WARNING: [Coretcl 2-105] Run 'VIDEO_R6_xlconstant_0_1_synth_1' is currently active
INFO: [Coretcl 2-133] re-setting run 'VIDEO_R6_xlconstant_0_1_synth_1'...
WARNING: [Coretcl 2-105] Run 'VIDEO_R6_rst_PS7_75M_1_synth_1' is currently active
INFO: [Coretcl 2-133] re-setting run 'VIDEO_R6_rst_PS7_75M_1_synth_1'...
WARNING: [Coretcl 2-105] Run 'VIDEO_R6_xbar_2_synth_1' is currently active
INFO: [Coretcl 2-133] re-setting run 'VIDEO_R6_xbar_2_synth_1'...
WARNING: [Coretcl 2-105] Run 'VIDEO_R6_rst_PS7_150M_0_synth_1' is currently active
INFO: [Coretcl 2-133] re-setting run 'VIDEO_R6_rst_PS7_150M_0_synth_1'...
WARNING: [Coretcl 2-105] Run 'VIDEO_R6_auto_pc_1_synth_1' is currently active
INFO: [Coretcl 2-133] re-setting run 'VIDEO_R6_auto_pc_1_synth_1'...
WARNING: [Coretcl 2-105] Run 'VIDEO_R6_auto_cc_1_synth_1' is currently active
INFO: [Coretcl 2-133] re-setting run 'VIDEO_R6_auto_cc_1_synth_1'...
WARNING: [Coretcl 2-105] Run 'VIDEO_R6_auto_pc_0_synth_1' is currently active
INFO: [Coretcl 2-133] re-setting run 'VIDEO_R6_auto_pc_0_synth_1'...
INFO: [Coretcl 2-133] re-setting run 'impl_1'...
INFO: [Coretcl 2-133] re-setting run 'VIDEO_R6_processing_system7_0_0_impl_1'...
INFO: [Coretcl 2-133] re-setting run 'VIDEO_R6_axi_vdma_0_0_impl_1'...
INFO: [Coretcl 2-133] re-setting run 'VIDEO_R6_v_tpg_0_0_impl_1'...
INFO: [Coretcl 2-133] re-setting run 'VIDEO_R6_xlconcat_0_0_impl_1'...
INFO: [Coretcl 2-133] re-setting run 'VIDEO_R6_fmc_imageon_hdmi_out_0_0_impl_1'...
INFO: [Coretcl 2-133] re-setting run 'VIDEO_R6_v_rgb2ycrcb_0_0_impl_1'...
INFO: [Coretcl 2-133] re-setting run 'VIDEO_R6_v_axi4s_vid_out_0_0_impl_1'...
INFO: [Coretcl 2-133] re-setting run 'VIDEO_R6_axi_iic_0_0_impl_1'...
INFO: [Coretcl 2-133] re-setting run 'VIDEO_R6_v_cresample_0_0_impl_1'...
INFO: [Coretcl 2-133] re-setting run 'VIDEO_R6_axis_subset_converter_0_0_impl_1'...
INFO: [Coretcl 2-133] re-setting run 'VIDEO_R6_v_tc_0_0_impl_1'...
INFO: [Coretcl 2-133] re-setting run 'VIDEO_R6_xlconstant_0_0_impl_1'...
INFO: [Coretcl 2-133] re-setting run 'VIDEO_R6_GND_0_impl_1'...
INFO: [Coretcl 2-133] re-setting run 'VIDEO_R6_clk_wiz_0_0_impl_1'...
INFO: [Coretcl 2-133] re-setting run 'VIDEO_R6_ILAS_V5_0_impl_1'...
INFO: [Coretcl 2-133] re-setting run 'V1_IMPL'...
INFO: [Coretcl 2-133] re-setting run 'VIDEO_R6_ILAS_V1_0_impl_1'...
INFO: [Coretcl 2-133] re-setting run 'VIDEO_R6_auto_cc_0_impl_1'...
INFO: [Coretcl 2-133] re-setting run 'VIDEO_R6_ila_0_0_impl_1'...
INFO: [Coretcl 2-133] re-setting run 'VIDEO_R6_v_ccm_0_0_impl_1'...
INFO: [Coretcl 2-133] re-setting run 'VIDEO_R6_ila_0_1_impl_1'...
INFO: [Coretcl 2-133] re-setting run 'VIDEO_R6_xbar_3_impl_1'...
INFO: [Coretcl 2-133] re-setting run 'VIDEO_R6_xlconstant_0_1_impl_1'...
INFO: [Coretcl 2-133] re-setting run 'VIDEO_R6_rst_PS7_75M_1_impl_1'...
INFO: [Coretcl 2-133] re-setting run 'VIDEO_R6_xbar_2_impl_1'...
INFO: [Coretcl 2-133] re-setting run 'VIDEO_R6_rst_PS7_150M_0_impl_1'...
INFO: [Coretcl 2-133] re-setting run 'VIDEO_R6_auto_pc_1_impl_1'...
INFO: [Coretcl 2-133] re-setting run 'VIDEO_R6_auto_cc_1_impl_1'...
INFO: [Coretcl 2-133] re-setting run 'VIDEO_R6_auto_pc_0_impl_1'...
INFO: [Coretcl 2-1212] Importing remotely added design sources and verilog include files (if any)...
INFO: [filemgmt 20-334] All file(s) are already imported in fileset: 'VIDEO_R6_GND_0'
INFO: [filemgmt 20-348] Importing the appropriate files for fileset: 'VIDEO_R6_GND_0'
INFO: [filemgmt 20-334] All file(s) are already imported in fileset: 'VIDEO_R6_ILAS_V1_0'
INFO: [filemgmt 20-348] Importing the appropriate files for fileset: 'VIDEO_R6_ILAS_V1_0'
INFO: [filemgmt 20-334] All file(s) are already imported in fileset: 'VIDEO_R6_ILAS_V5_0'
INFO: [filemgmt 20-348] Importing the appropriate files for fileset: 'VIDEO_R6_ILAS_V5_0'
INFO: [filemgmt 20-334] All file(s) are already imported in fileset: 'VIDEO_R6_auto_cc_0'
INFO: [filemgmt 20-348] Importing the appropriate files for fileset: 'VIDEO_R6_auto_cc_0'
INFO: [filemgmt 20-334] All file(s) are already imported in fileset: 'VIDEO_R6_auto_cc_1'
INFO: [filemgmt 20-348] Importing the appropriate files for fileset: 'VIDEO_R6_auto_cc_1'
INFO: [filemgmt 20-334] All file(s) are already imported in fileset: 'VIDEO_R6_auto_pc_0'
INFO: [filemgmt 20-348] Importing the appropriate files for fileset: 'VIDEO_R6_auto_pc_0'
INFO: [filemgmt 20-334] All file(s) are already imported in fileset: 'VIDEO_R6_auto_pc_1'
INFO: [filemgmt 20-348] Importing the appropriate files for fileset: 'VIDEO_R6_auto_pc_1'
INFO: [filemgmt 20-334] All file(s) are already imported in fileset: 'VIDEO_R6_axi_iic_0_0'
INFO: [filemgmt 20-348] Importing the appropriate files for fileset: 'VIDEO_R6_axi_iic_0_0'
INFO: [filemgmt 20-334] All file(s) are already imported in fileset: 'VIDEO_R6_axi_vdma_0_0'
INFO: [filemgmt 20-348] Importing the appropriate files for fileset: 'VIDEO_R6_axi_vdma_0_0'
INFO: [filemgmt 20-334] All file(s) are already imported in fileset: 'VIDEO_R6_axis_subset_converter_0_0'
INFO: [filemgmt 20-348] Importing the appropriate files for fileset: 'VIDEO_R6_axis_subset_converter_0_0'
INFO: [filemgmt 20-334] All file(s) are already imported in fileset: 'VIDEO_R6_clk_wiz_0_0'
INFO: [filemgmt 20-348] Importing the appropriate files for fileset: 'VIDEO_R6_clk_wiz_0_0'
INFO: [filemgmt 20-334] All file(s) are already imported in fileset: 'VIDEO_R6_fmc_imageon_hdmi_out_0_0'
INFO: [filemgmt 20-348] Importing the appropriate files for fileset: 'VIDEO_R6_fmc_imageon_hdmi_out_0_0'
INFO: [filemgmt 20-334] All file(s) are already imported in fileset: 'VIDEO_R6_ila_0_0'
INFO: [filemgmt 20-348] Importing the appropriate files for fileset: 'VIDEO_R6_ila_0_0'
INFO: [filemgmt 20-334] All file(s) are already imported in fileset: 'VIDEO_R6_ila_0_1'
INFO: [filemgmt 20-348] Importing the appropriate files for fileset: 'VIDEO_R6_ila_0_1'
INFO: [filemgmt 20-334] All file(s) are already imported in fileset: 'VIDEO_R6_processing_system7_0_0'
INFO: [filemgmt 20-348] Importing the appropriate files for fileset: 'VIDEO_R6_processing_system7_0_0'
INFO: [filemgmt 20-334] All file(s) are already imported in fileset: 'VIDEO_R6_rst_PS7_150M_0'
INFO: [filemgmt 20-348] Importing the appropriate files for fileset: 'VIDEO_R6_rst_PS7_150M_0'
INFO: [filemgmt 20-334] All file(s) are already imported in fileset: 'VIDEO_R6_rst_PS7_75M_1'
INFO: [filemgmt 20-348] Importing the appropriate files for fileset: 'VIDEO_R6_rst_PS7_75M_1'
INFO: [filemgmt 20-334] All file(s) are already imported in fileset: 'VIDEO_R6_v_axi4s_vid_out_0_0'
INFO: [filemgmt 20-348] Importing the appropriate files for fileset: 'VIDEO_R6_v_axi4s_vid_out_0_0'
INFO: [filemgmt 20-334] All file(s) are already imported in fileset: 'VIDEO_R6_v_ccm_0_0'
INFO: [filemgmt 20-348] Importing the appropriate files for fileset: 'VIDEO_R6_v_ccm_0_0'
INFO: [filemgmt 20-334] All file(s) are already imported in fileset: 'VIDEO_R6_v_cresample_0_0'
INFO: [filemgmt 20-348] Importing the appropriate files for fileset: 'VIDEO_R6_v_cresample_0_0'
INFO: [filemgmt 20-334] All file(s) are already imported in fileset: 'VIDEO_R6_v_rgb2ycrcb_0_0'
INFO: [filemgmt 20-348] Importing the appropriate files for fileset: 'VIDEO_R6_v_rgb2ycrcb_0_0'
INFO: [filemgmt 20-334] All file(s) are already imported in fileset: 'VIDEO_R6_v_tc_0_0'
INFO: [filemgmt 20-348] Importing the appropriate files for fileset: 'VIDEO_R6_v_tc_0_0'
INFO: [filemgmt 20-334] All file(s) are already imported in fileset: 'VIDEO_R6_v_tpg_0_0'
INFO: [filemgmt 20-348] Importing the appropriate files for fileset: 'VIDEO_R6_v_tpg_0_0'
INFO: [filemgmt 20-334] All file(s) are already imported in fileset: 'VIDEO_R6_xbar_2'
INFO: [filemgmt 20-348] Importing the appropriate files for fileset: 'VIDEO_R6_xbar_2'
INFO: [filemgmt 20-334] All file(s) are already imported in fileset: 'VIDEO_R6_xbar_3'
INFO: [filemgmt 20-348] Importing the appropriate files for fileset: 'VIDEO_R6_xbar_3'
INFO: [filemgmt 20-334] All file(s) are already imported in fileset: 'VIDEO_R6_xlconcat_0_0'
INFO: [filemgmt 20-348] Importing the appropriate files for fileset: 'VIDEO_R6_xlconcat_0_0'
INFO: [filemgmt 20-334] All file(s) are already imported in fileset: 'VIDEO_R6_xlconstant_0_0'
INFO: [filemgmt 20-348] Importing the appropriate files for fileset: 'VIDEO_R6_xlconstant_0_0'
INFO: [filemgmt 20-334] All file(s) are already imported in fileset: 'VIDEO_R6_xlconstant_0_1'
INFO: [filemgmt 20-348] Importing the appropriate files for fileset: 'VIDEO_R6_xlconstant_0_1'
INFO: [filemgmt 20-334] All file(s) are already imported in fileset: 'VIDEO_V1'
INFO: [filemgmt 20-348] Importing the appropriate files for fileset: 'VIDEO_V1'
INFO: [filemgmt 20-348] Importing the appropriate files for fileset: 'sources_1'
