22:29:51 **** Auto Build of configuration Debug for project standalone_bsp_0_xaxivdma_example_intr_1 ****
make pre-build main-build 
a9-linaro-pre-build-step
' '
'Building file: ../src/xaxivdma_example_intr.c'
'Invoking: ARM v7 gcc compiler'
arm-none-eabi-gcc -Wall -O0 -g3 -c -fmessage-length=0 -MT"src/xaxivdma_example_intr.o" -mcpu=cortex-a9 -mfpu=vfpv3 -mfloat-abi=hard -I../../standalone_bsp_0/ps7_cortexa9_0/include -MMD -MP -MF"src/xaxivdma_example_intr.d" -MT"src/xaxivdma_example_intr.o" -o "src/xaxivdma_example_intr.o" "../src/xaxivdma_example_intr.c"
../src/xaxivdma_example_intr.c:122:2: warning: #warning CHECK FOR THE VALID DDR ADDRESS IN XPARAMETERS.H, DEFAULT SET TO 0x01000000 [-Wcpp]
 #warning CHECK FOR THE VALID DDR ADDRESS IN XPARAMETERS.H, \
  ^
'Finished building: ../src/xaxivdma_example_intr.c'
' '
'Building target: standalone_bsp_0_xaxivdma_example_intr_1.elf'
'Invoking: ARM v7 gcc linker'
arm-none-eabi-gcc -mcpu=cortex-a9 -mfpu=vfpv3 -mfloat-abi=hard -Wl,-build-id=none -specs=Xilinx.spec -Wl,-T -Wl,../src/lscript.ld -L../../standalone_bsp_0/ps7_cortexa9_0/lib -o "standalone_bsp_0_xaxivdma_example_intr_1.elf"  ./src/xaxivdma_example_intr.o   -Wl,--start-group,-lxil,-lgcc,-lc,--end-group
../../standalone_bsp_0/ps7_cortexa9_0/lib\libxil.a(xil-crt0.o): In function `_start':
xil-crt0.S:(.text+0x68): undefined reference to `main'
collect2.exe: error: ld returned 1 exit status
make: *** [standalone_bsp_0_xaxivdma_example_intr_1.elf] Error 1

22:29:52 Build Finished (took 601ms)

