21:44:25 INFO  : Registering command handlers for SDK TCF services
21:44:26 INFO  : Launching XSCT server: xsct.bat -interactive C:\Sim\VIDEO_R6\VIDEO_R6\VIDEO_R6.sdk\temp_xsdb_launch_script.tcl
21:44:28 INFO  : XSCT server has started successfully.
21:44:29 INFO  : Successfully done setting XSCT server connection channel  
21:44:29 INFO  : Successfully done setting SDK workspace  
21:44:29 INFO  : Processing command line option -hwspec C:/Sim/VIDEO_R6/VIDEO_R6/VIDEO_R6.sdk/VIDEO_R6_wrapper.hdf.
21:50:58 INFO  : Invoking Bootgen: bootgen -image m1.bif -arch zynq -o G:\BOOT.bin -w on
21:50:58 INFO  : Creating new bif file C:\Sim\VIDEO_R6\VIDEO_R6\VIDEO_R6.sdk\m1\bootimage\m1.bif
21:50:59 INFO  : Bootgen command execution is done.
22:27:54 INFO  : Example project standalone_bsp_0_vdma_1 has been created successfully.
22:27:54 INFO  : Example project standalone_bsp_0_xaxivdma_example_intr_1 has been created successfully.
22:27:55 INFO  : Example project standalone_bsp_0_xaxivdma_example_selftest_1 has been created successfully.
22:31:41 INFO  : 'targets -set -filter {jtag_cable_name =~ "Digilent Zed 210248565064" && level==0} -index 1' command is executed.
22:31:41 INFO  : 'fpga -state' command is executed.
22:31:41 INFO  : Connected to target on host '127.0.0.1' and port '3121'.
22:31:41 INFO  : Jtag cable 'Digilent Zed 210248565064' is selected.
22:31:41 INFO  : 'jtag frequency' command is executed.
22:31:41 INFO  : Sourcing of 'C:/Sim/VIDEO_R6/VIDEO_R6/VIDEO_R6.sdk/VIDEO_R6_wrapper_hw_platform_0/ps7_init.tcl' is done.
22:31:41 INFO  : Context for 'APU' is selected.
22:31:41 INFO  : Hardware design information is loaded from 'C:/Sim/VIDEO_R6/VIDEO_R6/VIDEO_R6.sdk/VIDEO_R6_wrapper_hw_platform_0/system.hdf'.
22:31:42 INFO  : Context for 'APU' is selected.
22:31:42 INFO  : 'stop' command is executed.
22:31:43 INFO  : 'ps7_init' command is executed.
22:31:43 INFO  : 'ps7_post_config' command is executed.
22:31:43 INFO  : Context for processor 'ps7_cortexa9_0' is selected.
22:31:43 INFO  : Processor reset is completed for 'ps7_cortexa9_0'.
22:31:43 INFO  : Context for processor 'ps7_cortexa9_0' is selected.
22:31:44 INFO  : The application 'C:/Sim/VIDEO_R6/VIDEO_R6/VIDEO_R6.sdk/m1/Debug/m1.elf' is downloaded to processor 'ps7_cortexa9_0'.
22:31:44 INFO  : ----------------XSDB Script----------------
connect -url tcp:127.0.0.1:3121
source C:/Sim/VIDEO_R6/VIDEO_R6/VIDEO_R6.sdk/VIDEO_R6_wrapper_hw_platform_0/ps7_init.tcl
targets -set -nocase -filter {name =~"APU*" && jtag_cable_name =~ "Digilent Zed 210248565064"} -index 0
loadhw C:/Sim/VIDEO_R6/VIDEO_R6/VIDEO_R6.sdk/VIDEO_R6_wrapper_hw_platform_0/system.hdf
targets -set -nocase -filter {name =~"APU*" && jtag_cable_name =~ "Digilent Zed 210248565064"} -index 0
stop
ps7_init
ps7_post_config
targets -set -nocase -filter {name =~ "ARM*#0" && jtag_cable_name =~ "Digilent Zed 210248565064"} -index 0
rst -processor
targets -set -nocase -filter {name =~ "ARM*#0" && jtag_cable_name =~ "Digilent Zed 210248565064"} -index 0
dow C:/Sim/VIDEO_R6/VIDEO_R6/VIDEO_R6.sdk/m1/Debug/m1.elf
----------------End of Script----------------

22:31:44 INFO  : Memory regions updated for context APU
22:31:44 INFO  : Context for processor 'ps7_cortexa9_0' is selected.
22:31:44 INFO  : 'con' command is executed.
22:31:44 INFO  : ----------------XSDB Script (After Launch)----------------
targets -set -nocase -filter {name =~ "ARM*#0" && jtag_cable_name =~ "Digilent Zed 210248565064"} -index 0
con
----------------End of Script----------------

22:31:44 INFO  : Launch script is exported to file 'C:\Sim\VIDEO_R6\VIDEO_R6\VIDEO_R6.sdk\.sdk\launch_scripts\xilinx_c-c++_application_(system_debugger)\system_debugger_using_debug_m1.elf_on_local.tcl'
22:36:07 INFO  : Disconnected from the channel tcfchan#1.
22:36:08 INFO  : 'targets -set -filter {jtag_cable_name =~ "Digilent Zed 210248565064" && level==0} -index 1' command is executed.
22:36:08 INFO  : 'fpga -state' command is executed.
22:36:08 INFO  : Connected to target on host '127.0.0.1' and port '3121'.
22:36:08 INFO  : Jtag cable 'Digilent Zed 210248565064' is selected.
22:36:08 INFO  : 'jtag frequency' command is executed.
22:36:08 INFO  : Sourcing of 'C:/Sim/VIDEO_R6/VIDEO_R6/VIDEO_R6.sdk/VIDEO_R6_wrapper_hw_platform_0/ps7_init.tcl' is done.
22:36:08 INFO  : Context for 'APU' is selected.
22:36:13 INFO  : Hardware design information is loaded from 'C:/Sim/VIDEO_R6/VIDEO_R6/VIDEO_R6.sdk/VIDEO_R6_wrapper_hw_platform_0/system.hdf'.
22:36:13 INFO  : Context for 'APU' is selected.
22:36:13 INFO  : 'stop' command is executed.
22:36:14 INFO  : 'ps7_init' command is executed.
22:36:14 INFO  : 'ps7_post_config' command is executed.
22:36:14 INFO  : Context for processor 'ps7_cortexa9_0' is selected.
22:36:14 INFO  : Processor reset is completed for 'ps7_cortexa9_0'.
22:36:14 INFO  : Context for processor 'ps7_cortexa9_0' is selected.
22:36:14 INFO  : The application 'C:/Sim/VIDEO_R6/VIDEO_R6/VIDEO_R6.sdk/m1/Debug/m1.elf' is downloaded to processor 'ps7_cortexa9_0'.
22:36:14 INFO  : ----------------XSDB Script----------------
connect -url tcp:127.0.0.1:3121
source C:/Sim/VIDEO_R6/VIDEO_R6/VIDEO_R6.sdk/VIDEO_R6_wrapper_hw_platform_0/ps7_init.tcl
targets -set -nocase -filter {name =~"APU*" && jtag_cable_name =~ "Digilent Zed 210248565064"} -index 0
loadhw C:/Sim/VIDEO_R6/VIDEO_R6/VIDEO_R6.sdk/VIDEO_R6_wrapper_hw_platform_0/system.hdf
targets -set -nocase -filter {name =~"APU*" && jtag_cable_name =~ "Digilent Zed 210248565064"} -index 0
stop
ps7_init
ps7_post_config
targets -set -nocase -filter {name =~ "ARM*#0" && jtag_cable_name =~ "Digilent Zed 210248565064"} -index 0
rst -processor
targets -set -nocase -filter {name =~ "ARM*#0" && jtag_cable_name =~ "Digilent Zed 210248565064"} -index 0
dow C:/Sim/VIDEO_R6/VIDEO_R6/VIDEO_R6.sdk/m1/Debug/m1.elf
----------------End of Script----------------

22:36:14 INFO  : Memory regions updated for context APU
22:36:14 INFO  : Context for processor 'ps7_cortexa9_0' is selected.
22:36:14 INFO  : 'con' command is executed.
22:36:14 INFO  : ----------------XSDB Script (After Launch)----------------
targets -set -nocase -filter {name =~ "ARM*#0" && jtag_cable_name =~ "Digilent Zed 210248565064"} -index 0
con
----------------End of Script----------------

22:36:14 INFO  : Launch script is exported to file 'C:\Sim\VIDEO_R6\VIDEO_R6\VIDEO_R6.sdk\.sdk\launch_scripts\xilinx_c-c++_application_(system_debugger)\system_debugger_using_debug_m1.elf_on_local.tcl'
22:38:00 INFO  : Disconnected from the channel tcfchan#2.
22:38:22 INFO  : Invoking Bootgen: bootgen -image m1.bif -arch zynq -o G:\BOOT.bin -w on
22:38:22 INFO  : Overwriting existing bif file C:\Sim\VIDEO_R6\VIDEO_R6\VIDEO_R6.sdk\m1\bootimage\m1.bif
22:38:23 INFO  : Bootgen command execution is done.
22:43:52 INFO  : Invoking Bootgen: bootgen -image r_pattern_v1.bif -arch zynq -o G:\BOOT.bin -w on
22:43:52 INFO  : Creating new bif file C:\Sim\VIDEO_R6\VIDEO_R6\VIDEO_R6.sdk\r_pattern_v1\bootimage\r_pattern_v1.bif
22:43:54 INFO  : Bootgen command execution is done.
22:53:47 INFO  : Invoking Bootgen: bootgen -image r_pattern_v1.bif -arch zynq -o G:\BOOT.bin -w on
22:53:47 INFO  : Overwriting existing bif file C:\Sim\VIDEO_R6\VIDEO_R6\VIDEO_R6.sdk\r_pattern_v1\bootimage\r_pattern_v1.bif
22:53:49 INFO  : Bootgen command execution is done.
22:58:34 INFO  : Invoking Bootgen: bootgen -image r_pattern_v1.bif -arch zynq -o G:\BOOT.bin -w on
22:58:34 INFO  : Overwriting existing bif file C:\Sim\VIDEO_R6\VIDEO_R6\VIDEO_R6.sdk\r_pattern_v1\bootimage\r_pattern_v1.bif
22:58:35 INFO  : Bootgen command execution is done.
23:01:03 INFO  : Invoking Bootgen: bootgen -image r_pattern_v1.bif -arch zynq -o G:\BOOT.bin -w on
23:01:03 INFO  : Overwriting existing bif file C:\Sim\VIDEO_R6\VIDEO_R6\VIDEO_R6.sdk\r_pattern_v1\bootimage\r_pattern_v1.bif
23:01:04 INFO  : Bootgen command execution is done.
01:44:05 INFO  : Registering command handlers for SDK TCF services
01:44:06 INFO  : Launching XSCT server: xsct.bat -interactive C:\Sim\VIDEO_R7\VIDEO_R6.sdk\temp_xsdb_launch_script.tcl
01:44:08 INFO  : XSCT server has started successfully.
01:44:08 INFO  : Successfully done setting XSCT server connection channel  
01:44:08 INFO  : Successfully done setting SDK workspace  
01:44:08 INFO  : Processing command line option -hwspec C:/Sim/VIDEO_R7/VIDEO_R6.sdk/VIDEO_R6_wrapper.hdf.
01:49:08 INFO  : Registering command handlers for SDK TCF services
01:49:09 INFO  : Launching XSCT server: xsct.bat -interactive C:\Sim\VIDEO_R7\VIDEO_R6.sdk\temp_xsdb_launch_script.tcl
01:49:11 INFO  : XSCT server has started successfully.
01:49:11 INFO  : Successfully done setting XSCT server connection channel  
01:49:11 INFO  : Successfully done setting SDK workspace  
01:49:11 INFO  : Processing command line option -hwspec C:/Sim/VIDEO_R7/VIDEO_R6.sdk/VIDEO_R6_wrapper.hdf.
01:59:08 INFO  : Invoking Bootgen: bootgen -image r_pattern_v2.bif -arch zynq -o G:\BOOT.bin -w on
01:59:08 INFO  : Creating new bif file C:\Sim\VIDEO_R7\VIDEO_R6.sdk\r_pattern_v2\bootimage\r_pattern_v2.bif
01:59:10 INFO  : Bootgen command execution is done.
02:03:11 INFO  : Invoking Bootgen: bootgen -image r_pattern_v2.bif -arch zynq -o G:\BOOT.bin -w on
02:03:11 INFO  : Overwriting existing bif file C:\Sim\VIDEO_R7\VIDEO_R6.sdk\r_pattern_v2\bootimage\r_pattern_v2.bif
02:03:13 INFO  : Bootgen command execution is done.
02:35:55 INFO  : Launching XSCT server: xsct.bat -interactive C:\Sim\VIDEO_R7\VIDEO_R6.sdk\temp_xsdb_launch_script.tcl
02:35:56 INFO  : XSCT server has started successfully.
02:35:58 INFO  : Successfully done setting XSCT server connection channel  
02:35:58 INFO  : Successfully done setting SDK workspace  
02:35:59 INFO  : Registering command handlers for SDK TCF services
02:36:00 INFO  : Processing command line option -hwspec C:/Sim/VIDEO_R7/VIDEO_R6.sdk/VIDEO_R6_wrapper.hdf.
02:36:00 INFO  : Checking for hwspec changes in the project VIDEO_R6_wrapper_hw_platform_0.
02:36:00 INFO  : SDK has detected change in the last modified timestamps for source hardware specification file Source:1489822221202,  Project:1489819043830
02:36:00 INFO  : The hardware specification for project 'VIDEO_R6_wrapper_hw_platform_0' is different from C:/Sim/VIDEO_R7/VIDEO_R6.sdk/VIDEO_R6_wrapper.hdf.
02:36:00 INFO  : Copied contents of C:/Sim/VIDEO_R7/VIDEO_R6.sdk/VIDEO_R6_wrapper.hdf into \VIDEO_R6_wrapper_hw_platform_0\system.hdf.
02:36:07 INFO  : Synchronizing projects in the workspace with the hardware platform specification changes.
02:36:10 INFO  : 
02:36:12 INFO  : 
02:36:13 INFO  : 
02:36:14 INFO  : Updating hardware inferred compiler options for fsbl.
02:36:15 INFO  : Updating hardware inferred compiler options for r_pattern_v2.
02:36:15 INFO  : Clearing existing target manager status.
02:36:16 INFO  : Workspace synchronized with the new hardware specification file. Cleaning dependent projects...
02:36:18 WARN  : Linker script will not be updated automatically. Users need to update it manually.
02:39:28 INFO  : Invoking Bootgen: bootgen -image r_pattern_v2.bif -arch zynq -o G:\BOOT.bin -w on
02:39:28 INFO  : Overwriting existing bif file C:\Sim\VIDEO_R7\VIDEO_R6.sdk\r_pattern_v2\bootimage\r_pattern_v2.bif
02:39:30 INFO  : Bootgen command execution is done.
02:52:58 INFO  : Invoking Bootgen: bootgen -image r_pattern_v2.bif -arch zynq -o G:\BOOT.bin -w on
02:52:58 INFO  : Overwriting existing bif file C:\Sim\VIDEO_R7\VIDEO_R6.sdk\r_pattern_v2\bootimage\r_pattern_v2.bif
02:53:00 INFO  : Bootgen command execution is done.
03:01:17 INFO  : Inferring section assignments and sizes from elf file: C:\Sim\VIDEO_R7\VIDEO_R6.sdk\r_pattern_v2\Debug\r_pattern_v2.elf
03:01:20 INFO  : Successfully generated C:\Sim\VIDEO_R7\VIDEO_R6.sdk\r_pattern_v2\src\lscript.ld.
03:01:20 INFO  : Applying linker script to all configurations of project r_pattern_v2.
03:01:20 INFO  : Setting rebuild state to true for all configurations of project r_pattern_v2.
03:01:35 INFO  : Invoking Bootgen: bootgen -image r_pattern_v2.bif -arch zynq -o G:\BOOT.bin -w on
03:01:35 INFO  : Overwriting existing bif file C:\Sim\VIDEO_R7\VIDEO_R6.sdk\r_pattern_v2\bootimage\r_pattern_v2.bif
03:01:36 INFO  : Bootgen command execution is done.
03:03:32 INFO  : Inferring section assignments and sizes from elf file: C:\Sim\VIDEO_R7\VIDEO_R6.sdk\r_pattern_v2\Debug\r_pattern_v2.elf
03:03:34 INFO  : Successfully generated C:\Sim\VIDEO_R7\VIDEO_R6.sdk\r_pattern_v2\src\lscript.ld.
03:03:34 INFO  : Applying linker script to all configurations of project r_pattern_v2.
03:03:34 INFO  : Setting rebuild state to true for all configurations of project r_pattern_v2.
03:03:54 INFO  : Invoking Bootgen: bootgen -image r_pattern_v2.bif -arch zynq -o G:\BOOT.bin -w on
03:03:54 INFO  : Overwriting existing bif file C:\Sim\VIDEO_R7\VIDEO_R6.sdk\r_pattern_v2\bootimage\r_pattern_v2.bif
03:03:56 INFO  : Bootgen command execution is done.
03:11:36 INFO  : Invoking Bootgen: bootgen -image r_pattern_v2.bif -arch zynq -o G:\BOOT.bin -w on
03:11:36 INFO  : Overwriting existing bif file C:\Sim\VIDEO_R7\VIDEO_R6.sdk\r_pattern_v2\bootimage\r_pattern_v2.bif
03:11:38 INFO  : Bootgen command execution is done.
04:46:29 INFO  : SDK has detected change in the last modified timestamps for source hardware specification file Source:1489830369316,  Project:1489822221202
04:46:29 INFO  : Project VIDEO_R6_wrapper_hw_platform_0's source hardware specification located at C:/Sim/VIDEO_R7/VIDEO_R6.sdk/VIDEO_R6_wrapper.hdf is now different from the local copy.
		 The local copy will be replaced with the source specification and your workspace will be updated.
04:46:30 INFO  : Copied contents of C:/Sim/VIDEO_R7/VIDEO_R6.sdk/VIDEO_R6_wrapper.hdf into \VIDEO_R6_wrapper_hw_platform_0\system.hdf.
04:46:38 INFO  : Synchronizing projects in the workspace with the hardware platform specification changes.
04:46:40 INFO  : 
04:46:42 INFO  : 
04:46:43 INFO  : 
04:46:44 INFO  : Updating hardware inferred compiler options for fsbl.
04:46:45 INFO  : Updating hardware inferred compiler options for r_pattern_v2.
04:46:45 INFO  : Clearing existing target manager status.
04:46:45 INFO  : Workspace synchronized with the new hardware specification file. Cleaning dependent projects...
04:46:46 WARN  : Linker script will not be updated automatically. Users need to update it manually.
04:51:10 INFO  : Inferring section assignments and sizes from elf file: C:\Sim\VIDEO_R7\VIDEO_R6.sdk\r_pattern_v2\Debug\r_pattern_v2.elf
04:51:12 INFO  : Successfully generated C:\Sim\VIDEO_R7\VIDEO_R6.sdk\r_pattern_v2\src\lscript.ld.
04:51:12 INFO  : Applying linker script to all configurations of project r_pattern_v2.
04:51:12 INFO  : Setting rebuild state to true for all configurations of project r_pattern_v2.
04:51:28 INFO  : Invoking Bootgen: bootgen -image r_pattern_v2.bif -arch zynq -o G:\BOOT.bin -w on
04:51:28 INFO  : Overwriting existing bif file C:\Sim\VIDEO_R7\VIDEO_R6.sdk\r_pattern_v2\bootimage\r_pattern_v2.bif
04:51:30 INFO  : Bootgen command execution is done.
04:59:31 INFO  : Inferring section assignments and sizes from elf file: C:\Sim\VIDEO_R7\VIDEO_R6.sdk\r_pattern_v2\Debug\r_pattern_v2.elf
04:59:33 INFO  : Successfully generated C:\Sim\VIDEO_R7\VIDEO_R6.sdk\r_pattern_v2\src\lscript.ld.
04:59:33 INFO  : Applying linker script to all configurations of project r_pattern_v2.
04:59:33 INFO  : Setting rebuild state to true for all configurations of project r_pattern_v2.
04:59:54 INFO  : Invoking Bootgen: bootgen -image r_pattern_v2.bif -arch zynq -o G:\BOOT.bin -w on
04:59:54 INFO  : Overwriting existing bif file C:\Sim\VIDEO_R7\VIDEO_R6.sdk\r_pattern_v2\bootimage\r_pattern_v2.bif
04:59:56 INFO  : Bootgen command execution is done.
05:32:39 INFO  : Invoking Bootgen: bootgen -image r_pattern_v2.bif -arch zynq -o C:\Sim\VIDEO_R7\VIDEO_R6.sdk\r_pattern_v2\bootimage\BOOT.bin
05:32:40 INFO  : Bootgen command execution is done.
05:32:56 INFO  : Invoking Bootgen: bootgen -image r_pattern_v2.bif -arch zynq -o C:\Sim\VIDEO_R7\VIDEO_R6.sdk\r_pattern_v2\bootimage\BOOT.bin -w on
05:32:56 INFO  : Overwriting existing bif file C:\Sim\VIDEO_R7\VIDEO_R6.sdk\r_pattern_v2\bootimage\r_pattern_v2.bif
05:32:57 INFO  : Bootgen command execution is done.
05:49:01 INFO  : Invoking Bootgen: bootgen -image r_pattern_v2.bif -arch zynq -o C:\Sim\VIDEO_R7\VIDEO_R6.sdk\r_pattern_v2\bootimage\BOOT.bin -w on
05:49:01 INFO  : Overwriting existing bif file C:\Sim\VIDEO_R7\VIDEO_R6.sdk\r_pattern_v2\bootimage\r_pattern_v2.bif
05:49:02 INFO  : Bootgen command execution is done.
05:54:09 INFO  : Inferring section assignments and sizes from elf file: C:\Sim\VIDEO_R7\VIDEO_R6.sdk\r_pattern_v2\Debug\r_pattern_v2.elf
05:54:11 INFO  : Successfully generated C:\Sim\VIDEO_R7\VIDEO_R6.sdk\r_pattern_v2\src\lscript.ld.
05:54:11 INFO  : Applying linker script to all configurations of project r_pattern_v2.
05:54:11 INFO  : Setting rebuild state to true for all configurations of project r_pattern_v2.
05:54:26 INFO  : Invoking Bootgen: bootgen -image r_pattern_v2.bif -arch zynq -o G:\BOOT.bin -w on
05:54:26 INFO  : Overwriting existing bif file C:\Sim\VIDEO_R7\VIDEO_R6.sdk\r_pattern_v2\bootimage\r_pattern_v2.bif
05:54:27 INFO  : Bootgen command execution is done.
05:56:12 INFO  : 'targets -set -filter {jtag_cable_name =~ "Digilent Zed 210248565064" && level==0} -index 1' command is executed.
05:56:12 INFO  : 'fpga -state' command is executed.
05:56:12 INFO  : Connected to target on host '127.0.0.1' and port '3121'.
05:56:12 INFO  : Jtag cable 'Digilent Zed 210248565064' is selected.
05:56:12 INFO  : 'jtag frequency' command is executed.
05:56:12 INFO  : Sourcing of 'C:/Sim/VIDEO_R7/VIDEO_R6.sdk/VIDEO_R6_wrapper_hw_platform_0/ps7_init.tcl' is done.
05:56:12 INFO  : Context for 'APU' is selected.
05:56:12 INFO  : Hardware design information is loaded from 'C:/Sim/VIDEO_R7/VIDEO_R6.sdk/VIDEO_R6_wrapper_hw_platform_0/system.hdf'.
05:56:12 INFO  : Context for 'APU' is selected.
05:56:12 INFO  : 'stop' command is executed.
05:56:13 INFO  : 'ps7_init' command is executed.
05:56:13 INFO  : 'ps7_post_config' command is executed.
05:56:13 INFO  : Context for processor 'ps7_cortexa9_0' is selected.
05:56:13 INFO  : Processor reset is completed for 'ps7_cortexa9_0'.
05:56:13 INFO  : Context for processor 'ps7_cortexa9_0' is selected.
05:56:13 INFO  : The application 'C:/Sim/VIDEO_R7/VIDEO_R6.sdk/r_pattern_v2/Debug/r_pattern_v2.elf' is downloaded to processor 'ps7_cortexa9_0'.
05:56:13 INFO  : ----------------XSDB Script----------------
connect -url tcp:127.0.0.1:3121
source C:/Sim/VIDEO_R7/VIDEO_R6.sdk/VIDEO_R6_wrapper_hw_platform_0/ps7_init.tcl
targets -set -nocase -filter {name =~"APU*" && jtag_cable_name =~ "Digilent Zed 210248565064"} -index 0
loadhw C:/Sim/VIDEO_R7/VIDEO_R6.sdk/VIDEO_R6_wrapper_hw_platform_0/system.hdf
targets -set -nocase -filter {name =~"APU*" && jtag_cable_name =~ "Digilent Zed 210248565064"} -index 0
stop
ps7_init
ps7_post_config
targets -set -nocase -filter {name =~ "ARM*#0" && jtag_cable_name =~ "Digilent Zed 210248565064"} -index 0
rst -processor
targets -set -nocase -filter {name =~ "ARM*#0" && jtag_cable_name =~ "Digilent Zed 210248565064"} -index 0
dow C:/Sim/VIDEO_R7/VIDEO_R6.sdk/r_pattern_v2/Debug/r_pattern_v2.elf
----------------End of Script----------------

05:56:14 INFO  : Memory regions updated for context APU
05:56:14 INFO  : Context for processor 'ps7_cortexa9_0' is selected.
05:56:14 INFO  : 'con' command is executed.
05:56:14 INFO  : ----------------XSDB Script (After Launch)----------------
targets -set -nocase -filter {name =~ "ARM*#0" && jtag_cable_name =~ "Digilent Zed 210248565064"} -index 0
con
----------------End of Script----------------

05:56:14 INFO  : Launch script is exported to file 'C:\Sim\VIDEO_R7\VIDEO_R6.sdk\.sdk\launch_scripts\xilinx_c-c++_application_(system_debugger)\system_debugger_using_debug_r_pattern_v2.elf_on_local.tcl'
05:59:52 INFO  : Disconnected from the channel tcfchan#1.
05:59:53 INFO  : 'targets -set -filter {jtag_cable_name =~ "Digilent Zed 210248565064" && level==0} -index 1' command is executed.
05:59:53 INFO  : 'fpga -state' command is executed.
05:59:53 INFO  : Connected to target on host '127.0.0.1' and port '3121'.
05:59:53 INFO  : Jtag cable 'Digilent Zed 210248565064' is selected.
05:59:53 INFO  : 'jtag frequency' command is executed.
05:59:53 INFO  : Sourcing of 'C:/Sim/VIDEO_R7/VIDEO_R6.sdk/VIDEO_R6_wrapper_hw_platform_0/ps7_init.tcl' is done.
05:59:53 INFO  : Context for 'APU' is selected.
05:59:53 INFO  : Hardware design information is loaded from 'C:/Sim/VIDEO_R7/VIDEO_R6.sdk/VIDEO_R6_wrapper_hw_platform_0/system.hdf'.
05:59:53 INFO  : Context for 'APU' is selected.
05:59:53 INFO  : 'stop' command is executed.
05:59:54 INFO  : 'ps7_init' command is executed.
05:59:54 INFO  : 'ps7_post_config' command is executed.
05:59:54 INFO  : Context for processor 'ps7_cortexa9_0' is selected.
05:59:54 INFO  : Processor reset is completed for 'ps7_cortexa9_0'.
05:59:54 INFO  : Context for processor 'ps7_cortexa9_0' is selected.
05:59:54 INFO  : The application 'C:/Sim/VIDEO_R7/VIDEO_R6.sdk/r_pattern_v2/Debug/r_pattern_v2.elf' is downloaded to processor 'ps7_cortexa9_0'.
05:59:54 INFO  : ----------------XSDB Script----------------
connect -url tcp:127.0.0.1:3121
source C:/Sim/VIDEO_R7/VIDEO_R6.sdk/VIDEO_R6_wrapper_hw_platform_0/ps7_init.tcl
targets -set -nocase -filter {name =~"APU*" && jtag_cable_name =~ "Digilent Zed 210248565064"} -index 0
loadhw C:/Sim/VIDEO_R7/VIDEO_R6.sdk/VIDEO_R6_wrapper_hw_platform_0/system.hdf
targets -set -nocase -filter {name =~"APU*" && jtag_cable_name =~ "Digilent Zed 210248565064"} -index 0
stop
ps7_init
ps7_post_config
targets -set -nocase -filter {name =~ "ARM*#0" && jtag_cable_name =~ "Digilent Zed 210248565064"} -index 0
rst -processor
targets -set -nocase -filter {name =~ "ARM*#0" && jtag_cable_name =~ "Digilent Zed 210248565064"} -index 0
dow C:/Sim/VIDEO_R7/VIDEO_R6.sdk/r_pattern_v2/Debug/r_pattern_v2.elf
----------------End of Script----------------

05:59:54 INFO  : Memory regions updated for context APU
05:59:55 INFO  : Context for processor 'ps7_cortexa9_0' is selected.
05:59:55 INFO  : 'con' command is executed.
05:59:55 INFO  : ----------------XSDB Script (After Launch)----------------
targets -set -nocase -filter {name =~ "ARM*#0" && jtag_cable_name =~ "Digilent Zed 210248565064"} -index 0
con
----------------End of Script----------------

05:59:55 INFO  : Launch script is exported to file 'C:\Sim\VIDEO_R7\VIDEO_R6.sdk\.sdk\launch_scripts\xilinx_c-c++_application_(system_debugger)\system_debugger_using_debug_r_pattern_v2.elf_on_local.tcl'
06:01:22 INFO  : Disconnected from the channel tcfchan#2.
06:01:23 INFO  : 'targets -set -filter {jtag_cable_name =~ "Digilent Zed 210248565064" && level==0} -index 1' command is executed.
06:01:24 INFO  : 'fpga -state' command is executed.
06:01:24 INFO  : Connected to target on host '127.0.0.1' and port '3121'.
06:01:24 INFO  : Jtag cable 'Digilent Zed 210248565064' is selected.
06:01:24 INFO  : 'jtag frequency' command is executed.
06:01:24 INFO  : Sourcing of 'C:/Sim/VIDEO_R7/VIDEO_R6.sdk/VIDEO_R6_wrapper_hw_platform_0/ps7_init.tcl' is done.
06:01:24 INFO  : Context for 'APU' is selected.
06:01:24 INFO  : Hardware design information is loaded from 'C:/Sim/VIDEO_R7/VIDEO_R6.sdk/VIDEO_R6_wrapper_hw_platform_0/system.hdf'.
06:01:24 INFO  : Context for 'APU' is selected.
06:01:24 INFO  : 'stop' command is executed.
06:01:24 INFO  : 'ps7_init' command is executed.
06:01:24 INFO  : 'ps7_post_config' command is executed.
06:01:24 INFO  : Context for processor 'ps7_cortexa9_0' is selected.
06:01:24 INFO  : Processor reset is completed for 'ps7_cortexa9_0'.
06:01:24 INFO  : Context for processor 'ps7_cortexa9_0' is selected.
06:01:25 INFO  : The application 'C:/Sim/VIDEO_R7/VIDEO_R6.sdk/r_pattern_v2/Debug/r_pattern_v2.elf' is downloaded to processor 'ps7_cortexa9_0'.
06:01:25 INFO  : ----------------XSDB Script----------------
connect -url tcp:127.0.0.1:3121
source C:/Sim/VIDEO_R7/VIDEO_R6.sdk/VIDEO_R6_wrapper_hw_platform_0/ps7_init.tcl
targets -set -nocase -filter {name =~"APU*" && jtag_cable_name =~ "Digilent Zed 210248565064"} -index 0
loadhw C:/Sim/VIDEO_R7/VIDEO_R6.sdk/VIDEO_R6_wrapper_hw_platform_0/system.hdf
targets -set -nocase -filter {name =~"APU*" && jtag_cable_name =~ "Digilent Zed 210248565064"} -index 0
stop
ps7_init
ps7_post_config
targets -set -nocase -filter {name =~ "ARM*#0" && jtag_cable_name =~ "Digilent Zed 210248565064"} -index 0
rst -processor
targets -set -nocase -filter {name =~ "ARM*#0" && jtag_cable_name =~ "Digilent Zed 210248565064"} -index 0
dow C:/Sim/VIDEO_R7/VIDEO_R6.sdk/r_pattern_v2/Debug/r_pattern_v2.elf
----------------End of Script----------------

06:01:25 INFO  : Memory regions updated for context APU
06:01:25 INFO  : Context for processor 'ps7_cortexa9_0' is selected.
06:01:25 INFO  : 'con' command is executed.
06:01:25 INFO  : ----------------XSDB Script (After Launch)----------------
targets -set -nocase -filter {name =~ "ARM*#0" && jtag_cable_name =~ "Digilent Zed 210248565064"} -index 0
con
----------------End of Script----------------

06:01:25 INFO  : Launch script is exported to file 'C:\Sim\VIDEO_R7\VIDEO_R6.sdk\.sdk\launch_scripts\xilinx_c-c++_application_(system_debugger)\system_debugger_using_debug_r_pattern_v2.elf_on_local.tcl'
06:02:07 INFO  : Disconnected from the channel tcfchan#3.
06:02:09 INFO  : 'targets -set -filter {jtag_cable_name =~ "Digilent Zed 210248565064" && level==0} -index 1' command is executed.
06:02:09 INFO  : 'fpga -state' command is executed.
06:02:09 INFO  : Connected to target on host '127.0.0.1' and port '3121'.
06:02:09 INFO  : Jtag cable 'Digilent Zed 210248565064' is selected.
06:02:09 INFO  : 'jtag frequency' command is executed.
06:02:09 INFO  : Sourcing of 'C:/Sim/VIDEO_R7/VIDEO_R6.sdk/VIDEO_R6_wrapper_hw_platform_0/ps7_init.tcl' is done.
06:02:09 INFO  : Context for 'APU' is selected.
06:02:09 INFO  : Hardware design information is loaded from 'C:/Sim/VIDEO_R7/VIDEO_R6.sdk/VIDEO_R6_wrapper_hw_platform_0/system.hdf'.
06:02:09 INFO  : Context for 'APU' is selected.
06:02:09 INFO  : 'stop' command is executed.
06:02:10 INFO  : 'ps7_init' command is executed.
06:02:10 INFO  : 'ps7_post_config' command is executed.
06:02:10 INFO  : Context for processor 'ps7_cortexa9_0' is selected.
06:02:10 INFO  : Processor reset is completed for 'ps7_cortexa9_0'.
06:02:10 INFO  : Context for processor 'ps7_cortexa9_0' is selected.
06:02:11 INFO  : The application 'C:/Sim/VIDEO_R7/VIDEO_R6.sdk/r_pattern_v2/Debug/r_pattern_v2.elf' is downloaded to processor 'ps7_cortexa9_0'.
06:02:11 INFO  : ----------------XSDB Script----------------
connect -url tcp:127.0.0.1:3121
source C:/Sim/VIDEO_R7/VIDEO_R6.sdk/VIDEO_R6_wrapper_hw_platform_0/ps7_init.tcl
targets -set -nocase -filter {name =~"APU*" && jtag_cable_name =~ "Digilent Zed 210248565064"} -index 0
loadhw C:/Sim/VIDEO_R7/VIDEO_R6.sdk/VIDEO_R6_wrapper_hw_platform_0/system.hdf
targets -set -nocase -filter {name =~"APU*" && jtag_cable_name =~ "Digilent Zed 210248565064"} -index 0
stop
ps7_init
ps7_post_config
targets -set -nocase -filter {name =~ "ARM*#0" && jtag_cable_name =~ "Digilent Zed 210248565064"} -index 0
rst -processor
targets -set -nocase -filter {name =~ "ARM*#0" && jtag_cable_name =~ "Digilent Zed 210248565064"} -index 0
dow C:/Sim/VIDEO_R7/VIDEO_R6.sdk/r_pattern_v2/Debug/r_pattern_v2.elf
----------------End of Script----------------

06:02:11 INFO  : Memory regions updated for context APU
06:02:11 INFO  : Context for processor 'ps7_cortexa9_0' is selected.
06:02:11 INFO  : 'con' command is executed.
06:02:11 INFO  : ----------------XSDB Script (After Launch)----------------
targets -set -nocase -filter {name =~ "ARM*#0" && jtag_cable_name =~ "Digilent Zed 210248565064"} -index 0
con
----------------End of Script----------------

06:02:11 INFO  : Launch script is exported to file 'C:\Sim\VIDEO_R7\VIDEO_R6.sdk\.sdk\launch_scripts\xilinx_c-c++_application_(system_debugger)\system_debugger_using_debug_r_pattern_v2.elf_on_local.tcl'
06:03:02 INFO  : Disconnected from the channel tcfchan#4.
06:03:03 INFO  : 'targets -set -filter {jtag_cable_name =~ "Digilent Zed 210248565064" && level==0} -index 1' command is executed.
06:03:04 INFO  : 'fpga -state' command is executed.
06:03:04 INFO  : Connected to target on host '127.0.0.1' and port '3121'.
06:03:04 INFO  : Jtag cable 'Digilent Zed 210248565064' is selected.
06:03:04 INFO  : 'jtag frequency' command is executed.
06:03:04 INFO  : Sourcing of 'C:/Sim/VIDEO_R7/VIDEO_R6.sdk/VIDEO_R6_wrapper_hw_platform_0/ps7_init.tcl' is done.
06:03:04 INFO  : Context for 'APU' is selected.
06:03:04 INFO  : Hardware design information is loaded from 'C:/Sim/VIDEO_R7/VIDEO_R6.sdk/VIDEO_R6_wrapper_hw_platform_0/system.hdf'.
06:03:04 INFO  : Context for 'APU' is selected.
06:03:04 INFO  : 'stop' command is executed.
06:03:04 INFO  : 'ps7_init' command is executed.
06:03:05 INFO  : 'ps7_post_config' command is executed.
06:03:05 INFO  : Context for processor 'ps7_cortexa9_0' is selected.
06:03:05 INFO  : Processor reset is completed for 'ps7_cortexa9_0'.
06:03:05 INFO  : Context for processor 'ps7_cortexa9_0' is selected.
06:03:05 INFO  : The application 'C:/Sim/VIDEO_R7/VIDEO_R6.sdk/r_pattern_v2/Debug/r_pattern_v2.elf' is downloaded to processor 'ps7_cortexa9_0'.
06:03:05 INFO  : ----------------XSDB Script----------------
connect -url tcp:127.0.0.1:3121
source C:/Sim/VIDEO_R7/VIDEO_R6.sdk/VIDEO_R6_wrapper_hw_platform_0/ps7_init.tcl
targets -set -nocase -filter {name =~"APU*" && jtag_cable_name =~ "Digilent Zed 210248565064"} -index 0
loadhw C:/Sim/VIDEO_R7/VIDEO_R6.sdk/VIDEO_R6_wrapper_hw_platform_0/system.hdf
targets -set -nocase -filter {name =~"APU*" && jtag_cable_name =~ "Digilent Zed 210248565064"} -index 0
stop
ps7_init
ps7_post_config
targets -set -nocase -filter {name =~ "ARM*#0" && jtag_cable_name =~ "Digilent Zed 210248565064"} -index 0
rst -processor
targets -set -nocase -filter {name =~ "ARM*#0" && jtag_cable_name =~ "Digilent Zed 210248565064"} -index 0
dow C:/Sim/VIDEO_R7/VIDEO_R6.sdk/r_pattern_v2/Debug/r_pattern_v2.elf
----------------End of Script----------------

06:03:06 INFO  : Memory regions updated for context APU
06:03:06 INFO  : Context for processor 'ps7_cortexa9_0' is selected.
06:03:06 INFO  : 'con' command is executed.
06:03:06 INFO  : ----------------XSDB Script (After Launch)----------------
targets -set -nocase -filter {name =~ "ARM*#0" && jtag_cable_name =~ "Digilent Zed 210248565064"} -index 0
con
----------------End of Script----------------

06:03:06 INFO  : Launch script is exported to file 'C:\Sim\VIDEO_R7\VIDEO_R6.sdk\.sdk\launch_scripts\xilinx_c-c++_application_(system_debugger)\system_debugger_using_debug_r_pattern_v2.elf_on_local.tcl'
06:03:26 INFO  : Disconnected from the channel tcfchan#5.
06:03:27 INFO  : 'targets -set -filter {jtag_cable_name =~ "Digilent Zed 210248565064" && level==0} -index 1' command is executed.
06:03:27 INFO  : 'fpga -state' command is executed.
06:03:27 INFO  : Connected to target on host '127.0.0.1' and port '3121'.
06:03:28 INFO  : Jtag cable 'Digilent Zed 210248565064' is selected.
06:03:28 INFO  : 'jtag frequency' command is executed.
06:03:28 INFO  : Sourcing of 'C:/Sim/VIDEO_R7/VIDEO_R6.sdk/VIDEO_R6_wrapper_hw_platform_0/ps7_init.tcl' is done.
06:03:28 INFO  : Context for 'APU' is selected.
06:03:28 INFO  : Hardware design information is loaded from 'C:/Sim/VIDEO_R7/VIDEO_R6.sdk/VIDEO_R6_wrapper_hw_platform_0/system.hdf'.
06:03:28 INFO  : Context for 'APU' is selected.
06:03:28 INFO  : 'stop' command is executed.
06:03:29 INFO  : 'ps7_init' command is executed.
06:03:29 INFO  : 'ps7_post_config' command is executed.
06:03:29 INFO  : Context for processor 'ps7_cortexa9_0' is selected.
06:03:29 INFO  : Processor reset is completed for 'ps7_cortexa9_0'.
06:03:29 INFO  : Context for processor 'ps7_cortexa9_0' is selected.
06:03:30 INFO  : The application 'C:/Sim/VIDEO_R7/VIDEO_R6.sdk/r_pattern_v2/Debug/r_pattern_v2.elf' is downloaded to processor 'ps7_cortexa9_0'.
06:03:30 INFO  : ----------------XSDB Script----------------
connect -url tcp:127.0.0.1:3121
source C:/Sim/VIDEO_R7/VIDEO_R6.sdk/VIDEO_R6_wrapper_hw_platform_0/ps7_init.tcl
targets -set -nocase -filter {name =~"APU*" && jtag_cable_name =~ "Digilent Zed 210248565064"} -index 0
loadhw C:/Sim/VIDEO_R7/VIDEO_R6.sdk/VIDEO_R6_wrapper_hw_platform_0/system.hdf
targets -set -nocase -filter {name =~"APU*" && jtag_cable_name =~ "Digilent Zed 210248565064"} -index 0
stop
ps7_init
ps7_post_config
targets -set -nocase -filter {name =~ "ARM*#0" && jtag_cable_name =~ "Digilent Zed 210248565064"} -index 0
rst -processor
targets -set -nocase -filter {name =~ "ARM*#0" && jtag_cable_name =~ "Digilent Zed 210248565064"} -index 0
dow C:/Sim/VIDEO_R7/VIDEO_R6.sdk/r_pattern_v2/Debug/r_pattern_v2.elf
----------------End of Script----------------

06:03:30 INFO  : Memory regions updated for context APU
06:03:30 INFO  : Context for processor 'ps7_cortexa9_0' is selected.
06:03:30 INFO  : 'con' command is executed.
06:03:30 INFO  : ----------------XSDB Script (After Launch)----------------
targets -set -nocase -filter {name =~ "ARM*#0" && jtag_cable_name =~ "Digilent Zed 210248565064"} -index 0
con
----------------End of Script----------------

06:03:30 INFO  : Launch script is exported to file 'C:\Sim\VIDEO_R7\VIDEO_R6.sdk\.sdk\launch_scripts\xilinx_c-c++_application_(system_debugger)\system_debugger_using_debug_r_pattern_v2.elf_on_local.tcl'
06:04:08 INFO  : Disconnected from the channel tcfchan#6.
06:04:09 INFO  : 'targets -set -filter {jtag_cable_name =~ "Digilent Zed 210248565064" && level==0} -index 1' command is executed.
06:04:09 INFO  : 'fpga -state' command is executed.
06:04:09 INFO  : Connected to target on host '127.0.0.1' and port '3121'.
06:04:09 INFO  : Jtag cable 'Digilent Zed 210248565064' is selected.
06:04:09 INFO  : 'jtag frequency' command is executed.
06:04:09 INFO  : Sourcing of 'C:/Sim/VIDEO_R7/VIDEO_R6.sdk/VIDEO_R6_wrapper_hw_platform_0/ps7_init.tcl' is done.
06:04:10 INFO  : Context for 'APU' is selected.
06:04:10 INFO  : Hardware design information is loaded from 'C:/Sim/VIDEO_R7/VIDEO_R6.sdk/VIDEO_R6_wrapper_hw_platform_0/system.hdf'.
06:04:10 INFO  : Context for 'APU' is selected.
06:04:10 INFO  : 'stop' command is executed.
06:04:10 INFO  : 'ps7_init' command is executed.
06:04:10 INFO  : 'ps7_post_config' command is executed.
06:04:10 INFO  : Context for processor 'ps7_cortexa9_0' is selected.
06:04:10 INFO  : Processor reset is completed for 'ps7_cortexa9_0'.
06:04:10 INFO  : Context for processor 'ps7_cortexa9_0' is selected.
06:04:11 INFO  : The application 'C:/Sim/VIDEO_R7/VIDEO_R6.sdk/r_pattern_v2/Debug/r_pattern_v2.elf' is downloaded to processor 'ps7_cortexa9_0'.
06:04:11 INFO  : ----------------XSDB Script----------------
connect -url tcp:127.0.0.1:3121
source C:/Sim/VIDEO_R7/VIDEO_R6.sdk/VIDEO_R6_wrapper_hw_platform_0/ps7_init.tcl
targets -set -nocase -filter {name =~"APU*" && jtag_cable_name =~ "Digilent Zed 210248565064"} -index 0
loadhw C:/Sim/VIDEO_R7/VIDEO_R6.sdk/VIDEO_R6_wrapper_hw_platform_0/system.hdf
targets -set -nocase -filter {name =~"APU*" && jtag_cable_name =~ "Digilent Zed 210248565064"} -index 0
stop
ps7_init
ps7_post_config
targets -set -nocase -filter {name =~ "ARM*#0" && jtag_cable_name =~ "Digilent Zed 210248565064"} -index 0
rst -processor
targets -set -nocase -filter {name =~ "ARM*#0" && jtag_cable_name =~ "Digilent Zed 210248565064"} -index 0
dow C:/Sim/VIDEO_R7/VIDEO_R6.sdk/r_pattern_v2/Debug/r_pattern_v2.elf
----------------End of Script----------------

06:04:11 INFO  : Memory regions updated for context APU
06:04:11 INFO  : Context for processor 'ps7_cortexa9_0' is selected.
06:04:11 INFO  : 'con' command is executed.
06:04:11 INFO  : ----------------XSDB Script (After Launch)----------------
targets -set -nocase -filter {name =~ "ARM*#0" && jtag_cable_name =~ "Digilent Zed 210248565064"} -index 0
con
----------------End of Script----------------

06:04:11 INFO  : Launch script is exported to file 'C:\Sim\VIDEO_R7\VIDEO_R6.sdk\.sdk\launch_scripts\xilinx_c-c++_application_(system_debugger)\system_debugger_using_debug_r_pattern_v2.elf_on_local.tcl'
06:05:18 INFO  : Disconnected from the channel tcfchan#7.
06:05:20 INFO  : 'targets -set -filter {jtag_cable_name =~ "Digilent Zed 210248565064" && level==0} -index 1' command is executed.
06:05:20 INFO  : 'fpga -state' command is executed.
06:05:20 INFO  : Connected to target on host '127.0.0.1' and port '3121'.
06:05:20 INFO  : Jtag cable 'Digilent Zed 210248565064' is selected.
06:05:20 INFO  : 'jtag frequency' command is executed.
06:05:20 INFO  : Sourcing of 'C:/Sim/VIDEO_R7/VIDEO_R6.sdk/VIDEO_R6_wrapper_hw_platform_0/ps7_init.tcl' is done.
06:05:20 INFO  : Context for 'APU' is selected.
06:05:20 INFO  : Hardware design information is loaded from 'C:/Sim/VIDEO_R7/VIDEO_R6.sdk/VIDEO_R6_wrapper_hw_platform_0/system.hdf'.
06:05:20 INFO  : Context for 'APU' is selected.
06:05:20 INFO  : 'stop' command is executed.
06:05:21 INFO  : 'ps7_init' command is executed.
06:05:21 INFO  : 'ps7_post_config' command is executed.
06:05:21 INFO  : Context for processor 'ps7_cortexa9_0' is selected.
06:05:21 INFO  : Processor reset is completed for 'ps7_cortexa9_0'.
06:05:21 INFO  : Context for processor 'ps7_cortexa9_0' is selected.
06:05:21 INFO  : The application 'C:/Sim/VIDEO_R7/VIDEO_R6.sdk/r_pattern_v2/Debug/r_pattern_v2.elf' is downloaded to processor 'ps7_cortexa9_0'.
06:05:21 INFO  : ----------------XSDB Script----------------
connect -url tcp:127.0.0.1:3121
source C:/Sim/VIDEO_R7/VIDEO_R6.sdk/VIDEO_R6_wrapper_hw_platform_0/ps7_init.tcl
targets -set -nocase -filter {name =~"APU*" && jtag_cable_name =~ "Digilent Zed 210248565064"} -index 0
loadhw C:/Sim/VIDEO_R7/VIDEO_R6.sdk/VIDEO_R6_wrapper_hw_platform_0/system.hdf
targets -set -nocase -filter {name =~"APU*" && jtag_cable_name =~ "Digilent Zed 210248565064"} -index 0
stop
ps7_init
ps7_post_config
targets -set -nocase -filter {name =~ "ARM*#0" && jtag_cable_name =~ "Digilent Zed 210248565064"} -index 0
rst -processor
targets -set -nocase -filter {name =~ "ARM*#0" && jtag_cable_name =~ "Digilent Zed 210248565064"} -index 0
dow C:/Sim/VIDEO_R7/VIDEO_R6.sdk/r_pattern_v2/Debug/r_pattern_v2.elf
----------------End of Script----------------

06:05:21 INFO  : Memory regions updated for context APU
06:05:22 INFO  : Context for processor 'ps7_cortexa9_0' is selected.
06:05:22 INFO  : 'con' command is executed.
06:05:22 INFO  : ----------------XSDB Script (After Launch)----------------
targets -set -nocase -filter {name =~ "ARM*#0" && jtag_cable_name =~ "Digilent Zed 210248565064"} -index 0
con
----------------End of Script----------------

06:05:22 INFO  : Launch script is exported to file 'C:\Sim\VIDEO_R7\VIDEO_R6.sdk\.sdk\launch_scripts\xilinx_c-c++_application_(system_debugger)\system_debugger_using_debug_r_pattern_v2.elf_on_local.tcl'
06:06:05 INFO  : Disconnected from the channel tcfchan#8.
06:06:07 INFO  : 'targets -set -filter {jtag_cable_name =~ "Digilent Zed 210248565064" && level==0} -index 1' command is executed.
06:06:07 INFO  : 'fpga -state' command is executed.
06:06:07 INFO  : Connected to target on host '127.0.0.1' and port '3121'.
06:06:07 INFO  : Jtag cable 'Digilent Zed 210248565064' is selected.
06:06:07 INFO  : 'jtag frequency' command is executed.
06:06:07 INFO  : Sourcing of 'C:/Sim/VIDEO_R7/VIDEO_R6.sdk/VIDEO_R6_wrapper_hw_platform_0/ps7_init.tcl' is done.
06:06:07 INFO  : Context for 'APU' is selected.
06:06:07 INFO  : Hardware design information is loaded from 'C:/Sim/VIDEO_R7/VIDEO_R6.sdk/VIDEO_R6_wrapper_hw_platform_0/system.hdf'.
06:06:07 INFO  : Context for 'APU' is selected.
06:06:07 INFO  : 'stop' command is executed.
06:06:08 INFO  : 'ps7_init' command is executed.
06:06:08 INFO  : 'ps7_post_config' command is executed.
06:06:08 INFO  : Context for processor 'ps7_cortexa9_0' is selected.
06:06:08 INFO  : Processor reset is completed for 'ps7_cortexa9_0'.
06:06:08 INFO  : Context for processor 'ps7_cortexa9_0' is selected.
06:06:08 INFO  : The application 'C:/Sim/VIDEO_R7/VIDEO_R6.sdk/r_pattern_v2/Debug/r_pattern_v2.elf' is downloaded to processor 'ps7_cortexa9_0'.
06:06:08 INFO  : ----------------XSDB Script----------------
connect -url tcp:127.0.0.1:3121
source C:/Sim/VIDEO_R7/VIDEO_R6.sdk/VIDEO_R6_wrapper_hw_platform_0/ps7_init.tcl
targets -set -nocase -filter {name =~"APU*" && jtag_cable_name =~ "Digilent Zed 210248565064"} -index 0
loadhw C:/Sim/VIDEO_R7/VIDEO_R6.sdk/VIDEO_R6_wrapper_hw_platform_0/system.hdf
targets -set -nocase -filter {name =~"APU*" && jtag_cable_name =~ "Digilent Zed 210248565064"} -index 0
stop
ps7_init
ps7_post_config
targets -set -nocase -filter {name =~ "ARM*#0" && jtag_cable_name =~ "Digilent Zed 210248565064"} -index 0
rst -processor
targets -set -nocase -filter {name =~ "ARM*#0" && jtag_cable_name =~ "Digilent Zed 210248565064"} -index 0
dow C:/Sim/VIDEO_R7/VIDEO_R6.sdk/r_pattern_v2/Debug/r_pattern_v2.elf
----------------End of Script----------------

06:06:08 INFO  : Memory regions updated for context APU
06:06:09 INFO  : Context for processor 'ps7_cortexa9_0' is selected.
06:06:09 INFO  : 'con' command is executed.
06:06:09 INFO  : ----------------XSDB Script (After Launch)----------------
targets -set -nocase -filter {name =~ "ARM*#0" && jtag_cable_name =~ "Digilent Zed 210248565064"} -index 0
con
----------------End of Script----------------

06:06:09 INFO  : Launch script is exported to file 'C:\Sim\VIDEO_R7\VIDEO_R6.sdk\.sdk\launch_scripts\xilinx_c-c++_application_(system_debugger)\system_debugger_using_debug_r_pattern_v2.elf_on_local.tcl'
06:07:15 INFO  : Disconnected from the channel tcfchan#9.
06:07:17 INFO  : 'targets -set -filter {jtag_cable_name =~ "Digilent Zed 210248565064" && level==0} -index 1' command is executed.
06:07:17 INFO  : 'fpga -state' command is executed.
06:07:17 INFO  : Connected to target on host '127.0.0.1' and port '3121'.
06:07:17 INFO  : Jtag cable 'Digilent Zed 210248565064' is selected.
06:07:17 INFO  : 'jtag frequency' command is executed.
06:07:17 INFO  : Sourcing of 'C:/Sim/VIDEO_R7/VIDEO_R6.sdk/VIDEO_R6_wrapper_hw_platform_0/ps7_init.tcl' is done.
06:07:17 INFO  : Context for 'APU' is selected.
06:07:17 INFO  : Hardware design information is loaded from 'C:/Sim/VIDEO_R7/VIDEO_R6.sdk/VIDEO_R6_wrapper_hw_platform_0/system.hdf'.
06:07:17 INFO  : Context for 'APU' is selected.
06:07:17 INFO  : 'stop' command is executed.
06:07:18 INFO  : 'ps7_init' command is executed.
06:07:18 INFO  : 'ps7_post_config' command is executed.
06:07:18 INFO  : Context for processor 'ps7_cortexa9_0' is selected.
06:07:18 INFO  : Processor reset is completed for 'ps7_cortexa9_0'.
06:07:18 INFO  : Context for processor 'ps7_cortexa9_0' is selected.
06:07:19 INFO  : The application 'C:/Sim/VIDEO_R7/VIDEO_R6.sdk/r_pattern_v2/Debug/r_pattern_v2.elf' is downloaded to processor 'ps7_cortexa9_0'.
06:07:19 INFO  : ----------------XSDB Script----------------
connect -url tcp:127.0.0.1:3121
source C:/Sim/VIDEO_R7/VIDEO_R6.sdk/VIDEO_R6_wrapper_hw_platform_0/ps7_init.tcl
targets -set -nocase -filter {name =~"APU*" && jtag_cable_name =~ "Digilent Zed 210248565064"} -index 0
loadhw C:/Sim/VIDEO_R7/VIDEO_R6.sdk/VIDEO_R6_wrapper_hw_platform_0/system.hdf
targets -set -nocase -filter {name =~"APU*" && jtag_cable_name =~ "Digilent Zed 210248565064"} -index 0
stop
ps7_init
ps7_post_config
targets -set -nocase -filter {name =~ "ARM*#0" && jtag_cable_name =~ "Digilent Zed 210248565064"} -index 0
rst -processor
targets -set -nocase -filter {name =~ "ARM*#0" && jtag_cable_name =~ "Digilent Zed 210248565064"} -index 0
dow C:/Sim/VIDEO_R7/VIDEO_R6.sdk/r_pattern_v2/Debug/r_pattern_v2.elf
----------------End of Script----------------

06:07:19 INFO  : Memory regions updated for context APU
06:07:19 INFO  : Context for processor 'ps7_cortexa9_0' is selected.
06:07:19 INFO  : 'con' command is executed.
06:07:19 INFO  : ----------------XSDB Script (After Launch)----------------
targets -set -nocase -filter {name =~ "ARM*#0" && jtag_cable_name =~ "Digilent Zed 210248565064"} -index 0
con
----------------End of Script----------------

06:07:19 INFO  : Launch script is exported to file 'C:\Sim\VIDEO_R7\VIDEO_R6.sdk\.sdk\launch_scripts\xilinx_c-c++_application_(system_debugger)\system_debugger_using_debug_r_pattern_v2.elf_on_local.tcl'
06:08:02 INFO  : Invoking Bootgen: bootgen -image r_pattern_v2.bif -arch zynq -o C:\Sim\VIDEO_R7\VIDEO_R6.sdk\r_pattern_v2\bootimage\BOOT.bin -w on
06:08:02 INFO  : Overwriting existing bif file C:\Sim\VIDEO_R7\VIDEO_R6.sdk\r_pattern_v2\bootimage\r_pattern_v2.bif
06:08:03 INFO  : Bootgen command execution is done.
06:09:28 INFO  : Invoking Bootgen: bootgen -image r_pattern_v2.bif -arch zynq -o C:\Sim\VIDEO_R7\VIDEO_R6.sdk\r_pattern_v2\bootimage\BOOT.bin -w on
06:09:28 INFO  : Overwriting existing bif file C:\Sim\VIDEO_R7\VIDEO_R6.sdk\r_pattern_v2\bootimage\r_pattern_v2.bif
06:09:29 INFO  : Bootgen command execution is done.
06:09:57 INFO  : Inferring section assignments and sizes from elf file: C:\Sim\VIDEO_R7\VIDEO_R6.sdk\r_pattern_v2\Debug\r_pattern_v2.elf
06:09:59 INFO  : Successfully generated C:\Sim\VIDEO_R7\VIDEO_R6.sdk\r_pattern_v2\src\lscript.ld.
06:09:59 INFO  : Applying linker script to all configurations of project r_pattern_v2.
06:09:59 INFO  : Setting rebuild state to true for all configurations of project r_pattern_v2.
06:10:16 INFO  : Invoking Bootgen: bootgen -image r_pattern_v2.bif -arch zynq -o C:\Sim\VIDEO_R7\VIDEO_R6.sdk\r_pattern_v2\bootimage\BOOT.bin -w on
06:10:16 INFO  : Overwriting existing bif file C:\Sim\VIDEO_R7\VIDEO_R6.sdk\r_pattern_v2\bootimage\r_pattern_v2.bif
06:10:17 INFO  : Bootgen command execution is done.
06:11:24 INFO  : Invoking Bootgen: bootgen -image r_pattern_v2.bif -arch zynq -o C:\Sim\VIDEO_R7\VIDEO_R6.sdk\r_pattern_v2\bootimage\BOOT.bin -w on
06:11:24 INFO  : Overwriting existing bif file C:\Sim\VIDEO_R7\VIDEO_R6.sdk\r_pattern_v2\bootimage\r_pattern_v2.bif
06:11:25 INFO  : Bootgen command execution is done.
06:12:30 INFO  : Invoking Bootgen: bootgen -image r_pattern_v2.bif -arch zynq -o C:\Sim\VIDEO_R7\VIDEO_R6.sdk\r_pattern_v2\bootimage\BOOT.bin -w on
06:12:30 INFO  : Overwriting existing bif file C:\Sim\VIDEO_R7\VIDEO_R6.sdk\r_pattern_v2\bootimage\r_pattern_v2.bif
06:12:31 INFO  : Bootgen command execution is done.
06:19:13 INFO  : Disconnected from the channel tcfchan#10.
06:20:08 INFO  : Inferring section assignments and sizes from elf file: C:\Sim\VIDEO_R7\VIDEO_R6.sdk\r_pattern_v2\Debug\r_pattern_v2.elf
06:20:09 INFO  : Successfully generated C:\Sim\VIDEO_R7\VIDEO_R6.sdk\r_pattern_v2\src\lscript.ld.
06:20:09 INFO  : Applying linker script to all configurations of project r_pattern_v2.
06:20:09 INFO  : Setting rebuild state to true for all configurations of project r_pattern_v2.
06:20:42 INFO  : Invoking Bootgen: bootgen -image r_pattern_v2.bif -arch zynq -o G:\BOOT.bin -w on
06:20:42 INFO  : Overwriting existing bif file C:\Sim\VIDEO_R7\VIDEO_R6.sdk\r_pattern_v2\bootimage\r_pattern_v2.bif
06:20:43 INFO  : Bootgen command execution is done.
06:24:09 INFO  : Invoking Bootgen: bootgen -image r_pattern_v2.bif -arch zynq -o C:\Sim\VIDEO_R7\VIDEO_R6.sdk\r_pattern_v2\bootimage\BOOT.bin -w on
06:24:09 INFO  : Overwriting existing bif file C:\Sim\VIDEO_R7\VIDEO_R6.sdk\r_pattern_v2\bootimage\r_pattern_v2.bif
06:24:10 INFO  : Bootgen command execution is done.
06:29:22 INFO  : Invoking Bootgen: bootgen -image r_pattern_v2.bif -arch zynq -o C:\Sim\VIDEO_R7\VIDEO_R6.sdk\r_pattern_v2\bootimage\BOOT.bin -w on
06:29:22 INFO  : Overwriting existing bif file C:\Sim\VIDEO_R7\VIDEO_R6.sdk\r_pattern_v2\bootimage\r_pattern_v2.bif
06:29:23 INFO  : Bootgen command execution is done.
06:32:23 INFO  : Inferring section assignments and sizes from elf file: C:\Sim\VIDEO_R7\VIDEO_R6.sdk\r_pattern_v2\Debug\r_pattern_v2.elf
06:32:25 INFO  : Successfully generated C:\Sim\VIDEO_R7\VIDEO_R6.sdk\r_pattern_v2\src\lscript.ld.
06:32:25 INFO  : Applying linker script to all configurations of project r_pattern_v2.
06:32:25 INFO  : Setting rebuild state to true for all configurations of project r_pattern_v2.
06:32:43 INFO  : Invoking Bootgen: bootgen -image r_pattern_v2.bif -arch zynq -o G:\BOOT.bin -w on
06:32:43 INFO  : Overwriting existing bif file C:\Sim\VIDEO_R7\VIDEO_R6.sdk\r_pattern_v2\bootimage\r_pattern_v2.bif
06:32:45 INFO  : Bootgen command execution is done.
06:38:28 INFO  : Invoking Bootgen: bootgen -image r_pattern_v2.bif -arch zynq -o C:\Sim\VIDEO_R7\VIDEO_R6.sdk\r_pattern_v2\bootimage\BOOT.bin -w on
06:38:28 INFO  : Overwriting existing bif file C:\Sim\VIDEO_R7\VIDEO_R6.sdk\r_pattern_v2\bootimage\r_pattern_v2.bif
06:38:29 INFO  : Bootgen command execution is done.
06:38:45 INFO  : Invoking Bootgen: bootgen -image r_pattern_v2.bif -arch zynq -o G:\BOOT.bin -w on
06:38:45 INFO  : Overwriting existing bif file C:\Sim\VIDEO_R7\VIDEO_R6.sdk\r_pattern_v2\bootimage\r_pattern_v2.bif
06:38:47 INFO  : Bootgen command execution is done.
06:40:35 INFO  : Invoking Bootgen: bootgen -image r_pattern_v2.bif -arch zynq -o G:\BOOT.bin -w on
06:40:35 INFO  : Overwriting existing bif file C:\Sim\VIDEO_R7\VIDEO_R6.sdk\r_pattern_v2\bootimage\r_pattern_v2.bif
06:40:37 INFO  : Bootgen command execution is done.
06:41:55 INFO  : Invoking Bootgen: bootgen -image r_pattern_v2.bif -arch zynq -o C:\Sim\VIDEO_R7\VIDEO_R6.sdk\r_pattern_v2\bootimage\BOOT.bin -w on
06:41:55 INFO  : Overwriting existing bif file C:\Sim\VIDEO_R7\VIDEO_R6.sdk\r_pattern_v2\bootimage\r_pattern_v2.bif
06:41:56 INFO  : Bootgen command execution is done.
06:42:28 INFO  : Invoking Bootgen: bootgen -image r_pattern_v2.bif -arch zynq -o G:\BOOT.bin -w on
06:42:28 INFO  : Overwriting existing bif file C:\Sim\VIDEO_R7\VIDEO_R6.sdk\r_pattern_v2\bootimage\r_pattern_v2.bif
06:42:30 INFO  : Bootgen command execution is done.
06:42:48 INFO  : Invoking Bootgen: bootgen -image r_pattern_v2.bif -arch zynq -o G:\BOOT.bin -w on
06:42:48 INFO  : Overwriting existing bif file C:\Sim\VIDEO_R7\VIDEO_R6.sdk\r_pattern_v2\bootimage\r_pattern_v2.bif
06:42:49 INFO  : Bootgen command execution is done.
06:44:38 INFO  : Invoking Bootgen: bootgen -image r_pattern_v2.bif -arch zynq -o G:\BOOT.bin -w on
06:44:38 INFO  : Overwriting existing bif file C:\Sim\VIDEO_R7\VIDEO_R6.sdk\r_pattern_v2\bootimage\r_pattern_v2.bif
06:44:39 INFO  : Bootgen command execution is done.
06:45:41 INFO  : Invoking Bootgen: bootgen -image r_pattern_v2.bif -arch zynq -o G:\BOOT.bin -w on
06:45:41 INFO  : Overwriting existing bif file C:\Sim\VIDEO_R7\VIDEO_R6.sdk\r_pattern_v2\bootimage\r_pattern_v2.bif
06:45:43 INFO  : Bootgen command execution is done.
06:47:09 INFO  : Invoking Bootgen: bootgen -image r_pattern_v2.bif -arch zynq -o G:\BOOT.bin -w on
06:47:09 INFO  : Overwriting existing bif file C:\Sim\VIDEO_R7\VIDEO_R6.sdk\r_pattern_v2\bootimage\r_pattern_v2.bif
06:47:11 INFO  : Bootgen command execution is done.
06:47:34 INFO  : Invoking Bootgen: bootgen -image r_pattern_v2.bif -arch zynq -o G:\BOOT.bin -w on
06:47:34 INFO  : Overwriting existing bif file C:\Sim\VIDEO_R7\VIDEO_R6.sdk\r_pattern_v2\bootimage\r_pattern_v2.bif
06:47:35 INFO  : Bootgen command execution is done.
06:49:22 INFO  : 'targets -set -filter {jtag_cable_name =~ "Digilent Zed 210248565064" && level==0} -index 1' command is executed.
06:49:23 INFO  : 'fpga -state' command is executed.
06:49:23 INFO  : Connected to target on host '127.0.0.1' and port '3121'.
06:49:23 INFO  : Jtag cable 'Digilent Zed 210248565064' is selected.
06:49:23 INFO  : 'jtag frequency' command is executed.
06:49:23 INFO  : Sourcing of 'C:/Sim/VIDEO_R7/VIDEO_R6.sdk/VIDEO_R6_wrapper_hw_platform_0/ps7_init.tcl' is done.
06:49:23 INFO  : Context for 'APU' is selected.
06:49:23 INFO  : Hardware design information is loaded from 'C:/Sim/VIDEO_R7/VIDEO_R6.sdk/VIDEO_R6_wrapper_hw_platform_0/system.hdf'.
06:49:23 INFO  : Context for 'APU' is selected.
06:49:23 INFO  : 'stop' command is executed.
06:49:23 INFO  : 'ps7_init' command is executed.
06:49:23 INFO  : 'ps7_post_config' command is executed.
06:49:23 INFO  : Context for processor 'ps7_cortexa9_0' is selected.
06:49:23 INFO  : Processor reset is completed for 'ps7_cortexa9_0'.
06:49:23 INFO  : Context for processor 'ps7_cortexa9_0' is selected.
06:49:24 INFO  : The application 'C:/Sim/VIDEO_R7/VIDEO_R6.sdk/r_pattern_v2/Debug/r_pattern_v2.elf' is downloaded to processor 'ps7_cortexa9_0'.
06:49:24 INFO  : ----------------XSDB Script----------------
connect -url tcp:127.0.0.1:3121
source C:/Sim/VIDEO_R7/VIDEO_R6.sdk/VIDEO_R6_wrapper_hw_platform_0/ps7_init.tcl
targets -set -nocase -filter {name =~"APU*" && jtag_cable_name =~ "Digilent Zed 210248565064"} -index 0
loadhw C:/Sim/VIDEO_R7/VIDEO_R6.sdk/VIDEO_R6_wrapper_hw_platform_0/system.hdf
targets -set -nocase -filter {name =~"APU*" && jtag_cable_name =~ "Digilent Zed 210248565064"} -index 0
stop
ps7_init
ps7_post_config
targets -set -nocase -filter {name =~ "ARM*#0" && jtag_cable_name =~ "Digilent Zed 210248565064"} -index 0
rst -processor
targets -set -nocase -filter {name =~ "ARM*#0" && jtag_cable_name =~ "Digilent Zed 210248565064"} -index 0
dow C:/Sim/VIDEO_R7/VIDEO_R6.sdk/r_pattern_v2/Debug/r_pattern_v2.elf
----------------End of Script----------------

06:49:24 INFO  : Memory regions updated for context APU
06:49:24 INFO  : Context for processor 'ps7_cortexa9_0' is selected.
06:49:24 INFO  : 'con' command is executed.
06:49:24 INFO  : ----------------XSDB Script (After Launch)----------------
targets -set -nocase -filter {name =~ "ARM*#0" && jtag_cable_name =~ "Digilent Zed 210248565064"} -index 0
con
----------------End of Script----------------

06:49:24 INFO  : Launch script is exported to file 'C:\Sim\VIDEO_R7\VIDEO_R6.sdk\.sdk\launch_scripts\xilinx_c-c++_application_(system_debugger)\system_debugger_using_debug_r_pattern_v2.elf_on_local.tcl'
06:51:25 INFO  : Disconnected from the channel tcfchan#11.
06:51:26 INFO  : 'targets -set -filter {jtag_cable_name =~ "Digilent Zed 210248565064" && level==0} -index 1' command is executed.
06:51:26 INFO  : 'fpga -state' command is executed.
06:51:26 INFO  : Connected to target on host '127.0.0.1' and port '3121'.
06:51:26 INFO  : Jtag cable 'Digilent Zed 210248565064' is selected.
06:51:27 INFO  : 'jtag frequency' command is executed.
06:51:27 INFO  : Sourcing of 'C:/Sim/VIDEO_R7/VIDEO_R6.sdk/VIDEO_R6_wrapper_hw_platform_0/ps7_init.tcl' is done.
06:51:27 INFO  : Context for 'APU' is selected.
06:51:27 INFO  : Hardware design information is loaded from 'C:/Sim/VIDEO_R7/VIDEO_R6.sdk/VIDEO_R6_wrapper_hw_platform_0/system.hdf'.
06:51:27 INFO  : Context for 'APU' is selected.
06:51:27 INFO  : 'stop' command is executed.
06:51:27 INFO  : 'ps7_init' command is executed.
06:51:27 INFO  : 'ps7_post_config' command is executed.
06:51:27 INFO  : Context for processor 'ps7_cortexa9_0' is selected.
06:51:27 INFO  : Processor reset is completed for 'ps7_cortexa9_0'.
06:51:27 INFO  : Context for processor 'ps7_cortexa9_0' is selected.
06:51:28 INFO  : The application 'C:/Sim/VIDEO_R7/VIDEO_R6.sdk/r_pattern_v2/Debug/r_pattern_v2.elf' is downloaded to processor 'ps7_cortexa9_0'.
06:51:28 INFO  : ----------------XSDB Script----------------
connect -url tcp:127.0.0.1:3121
source C:/Sim/VIDEO_R7/VIDEO_R6.sdk/VIDEO_R6_wrapper_hw_platform_0/ps7_init.tcl
targets -set -nocase -filter {name =~"APU*" && jtag_cable_name =~ "Digilent Zed 210248565064"} -index 0
loadhw C:/Sim/VIDEO_R7/VIDEO_R6.sdk/VIDEO_R6_wrapper_hw_platform_0/system.hdf
targets -set -nocase -filter {name =~"APU*" && jtag_cable_name =~ "Digilent Zed 210248565064"} -index 0
stop
ps7_init
ps7_post_config
targets -set -nocase -filter {name =~ "ARM*#0" && jtag_cable_name =~ "Digilent Zed 210248565064"} -index 0
rst -processor
targets -set -nocase -filter {name =~ "ARM*#0" && jtag_cable_name =~ "Digilent Zed 210248565064"} -index 0
dow C:/Sim/VIDEO_R7/VIDEO_R6.sdk/r_pattern_v2/Debug/r_pattern_v2.elf
----------------End of Script----------------

06:51:28 INFO  : Memory regions updated for context APU
06:51:28 INFO  : Context for processor 'ps7_cortexa9_0' is selected.
06:51:28 INFO  : 'con' command is executed.
06:51:28 INFO  : ----------------XSDB Script (After Launch)----------------
targets -set -nocase -filter {name =~ "ARM*#0" && jtag_cable_name =~ "Digilent Zed 210248565064"} -index 0
con
----------------End of Script----------------

06:51:28 INFO  : Launch script is exported to file 'C:\Sim\VIDEO_R7\VIDEO_R6.sdk\.sdk\launch_scripts\xilinx_c-c++_application_(system_debugger)\system_debugger_using_debug_r_pattern_v2.elf_on_local.tcl'
06:52:07 INFO  : Disconnected from the channel tcfchan#12.
06:52:09 INFO  : 'targets -set -filter {jtag_cable_name =~ "Digilent Zed 210248565064" && level==0} -index 1' command is executed.
06:52:09 INFO  : 'fpga -state' command is executed.
06:52:09 INFO  : Connected to target on host '127.0.0.1' and port '3121'.
06:52:09 INFO  : Jtag cable 'Digilent Zed 210248565064' is selected.
06:52:09 INFO  : 'jtag frequency' command is executed.
06:52:09 INFO  : Sourcing of 'C:/Sim/VIDEO_R7/VIDEO_R6.sdk/VIDEO_R6_wrapper_hw_platform_0/ps7_init.tcl' is done.
06:52:09 INFO  : Context for 'APU' is selected.
06:52:09 INFO  : Hardware design information is loaded from 'C:/Sim/VIDEO_R7/VIDEO_R6.sdk/VIDEO_R6_wrapper_hw_platform_0/system.hdf'.
06:52:09 INFO  : Context for 'APU' is selected.
06:52:10 INFO  : 'stop' command is executed.
06:52:10 INFO  : 'ps7_init' command is executed.
06:52:10 INFO  : 'ps7_post_config' command is executed.
06:52:10 INFO  : Context for processor 'ps7_cortexa9_0' is selected.
06:52:10 INFO  : Processor reset is completed for 'ps7_cortexa9_0'.
06:52:10 INFO  : Context for processor 'ps7_cortexa9_0' is selected.
06:52:11 INFO  : The application 'C:/Sim/VIDEO_R7/VIDEO_R6.sdk/r_pattern_v2/Debug/r_pattern_v2.elf' is downloaded to processor 'ps7_cortexa9_0'.
06:52:11 INFO  : ----------------XSDB Script----------------
connect -url tcp:127.0.0.1:3121
source C:/Sim/VIDEO_R7/VIDEO_R6.sdk/VIDEO_R6_wrapper_hw_platform_0/ps7_init.tcl
targets -set -nocase -filter {name =~"APU*" && jtag_cable_name =~ "Digilent Zed 210248565064"} -index 0
loadhw C:/Sim/VIDEO_R7/VIDEO_R6.sdk/VIDEO_R6_wrapper_hw_platform_0/system.hdf
targets -set -nocase -filter {name =~"APU*" && jtag_cable_name =~ "Digilent Zed 210248565064"} -index 0
stop
ps7_init
ps7_post_config
targets -set -nocase -filter {name =~ "ARM*#0" && jtag_cable_name =~ "Digilent Zed 210248565064"} -index 0
rst -processor
targets -set -nocase -filter {name =~ "ARM*#0" && jtag_cable_name =~ "Digilent Zed 210248565064"} -index 0
dow C:/Sim/VIDEO_R7/VIDEO_R6.sdk/r_pattern_v2/Debug/r_pattern_v2.elf
----------------End of Script----------------

06:52:11 INFO  : Memory regions updated for context APU
06:52:11 INFO  : Context for processor 'ps7_cortexa9_0' is selected.
06:52:11 INFO  : 'con' command is executed.
06:52:11 INFO  : ----------------XSDB Script (After Launch)----------------
targets -set -nocase -filter {name =~ "ARM*#0" && jtag_cable_name =~ "Digilent Zed 210248565064"} -index 0
con
----------------End of Script----------------

06:52:11 INFO  : Launch script is exported to file 'C:\Sim\VIDEO_R7\VIDEO_R6.sdk\.sdk\launch_scripts\xilinx_c-c++_application_(system_debugger)\system_debugger_using_debug_r_pattern_v2.elf_on_local.tcl'
06:54:52 INFO  : Disconnected from the channel tcfchan#13.
06:54:54 INFO  : 'targets -set -filter {jtag_cable_name =~ "Digilent Zed 210248565064" && level==0} -index 1' command is executed.
06:54:54 INFO  : 'fpga -state' command is executed.
06:54:54 INFO  : Connected to target on host '127.0.0.1' and port '3121'.
06:54:54 INFO  : Jtag cable 'Digilent Zed 210248565064' is selected.
06:54:54 INFO  : 'jtag frequency' command is executed.
06:54:54 INFO  : Sourcing of 'C:/Sim/VIDEO_R7/VIDEO_R6.sdk/VIDEO_R6_wrapper_hw_platform_0/ps7_init.tcl' is done.
06:54:54 INFO  : Context for 'APU' is selected.
06:54:54 INFO  : Hardware design information is loaded from 'C:/Sim/VIDEO_R7/VIDEO_R6.sdk/VIDEO_R6_wrapper_hw_platform_0/system.hdf'.
06:54:54 INFO  : Context for 'APU' is selected.
06:54:54 INFO  : 'stop' command is executed.
06:54:55 INFO  : 'ps7_init' command is executed.
06:54:55 INFO  : 'ps7_post_config' command is executed.
06:54:55 INFO  : Context for processor 'ps7_cortexa9_0' is selected.
06:54:55 INFO  : Processor reset is completed for 'ps7_cortexa9_0'.
06:54:55 INFO  : Context for processor 'ps7_cortexa9_0' is selected.
06:54:55 INFO  : The application 'C:/Sim/VIDEO_R7/VIDEO_R6.sdk/r_pattern_v2/Debug/r_pattern_v2.elf' is downloaded to processor 'ps7_cortexa9_0'.
06:54:55 INFO  : ----------------XSDB Script----------------
connect -url tcp:127.0.0.1:3121
source C:/Sim/VIDEO_R7/VIDEO_R6.sdk/VIDEO_R6_wrapper_hw_platform_0/ps7_init.tcl
targets -set -nocase -filter {name =~"APU*" && jtag_cable_name =~ "Digilent Zed 210248565064"} -index 0
loadhw C:/Sim/VIDEO_R7/VIDEO_R6.sdk/VIDEO_R6_wrapper_hw_platform_0/system.hdf
targets -set -nocase -filter {name =~"APU*" && jtag_cable_name =~ "Digilent Zed 210248565064"} -index 0
stop
ps7_init
ps7_post_config
targets -set -nocase -filter {name =~ "ARM*#0" && jtag_cable_name =~ "Digilent Zed 210248565064"} -index 0
rst -processor
targets -set -nocase -filter {name =~ "ARM*#0" && jtag_cable_name =~ "Digilent Zed 210248565064"} -index 0
dow C:/Sim/VIDEO_R7/VIDEO_R6.sdk/r_pattern_v2/Debug/r_pattern_v2.elf
----------------End of Script----------------

06:54:55 INFO  : Memory regions updated for context APU
06:54:55 INFO  : Context for processor 'ps7_cortexa9_0' is selected.
06:54:56 INFO  : 'con' command is executed.
06:54:56 INFO  : ----------------XSDB Script (After Launch)----------------
targets -set -nocase -filter {name =~ "ARM*#0" && jtag_cable_name =~ "Digilent Zed 210248565064"} -index 0
con
----------------End of Script----------------

06:54:56 INFO  : Launch script is exported to file 'C:\Sim\VIDEO_R7\VIDEO_R6.sdk\.sdk\launch_scripts\xilinx_c-c++_application_(system_debugger)\system_debugger_using_debug_r_pattern_v2.elf_on_local.tcl'
07:00:42 INFO  : Disconnected from the channel tcfchan#14.
07:00:43 INFO  : 'targets -set -filter {jtag_cable_name =~ "Digilent Zed 210248565064" && level==0} -index 1' command is executed.
07:00:43 INFO  : 'fpga -state' command is executed.
07:00:43 INFO  : Connected to target on host '127.0.0.1' and port '3121'.
07:00:43 INFO  : Jtag cable 'Digilent Zed 210248565064' is selected.
07:00:43 INFO  : 'jtag frequency' command is executed.
07:00:43 INFO  : Sourcing of 'C:/Sim/VIDEO_R7/VIDEO_R6.sdk/VIDEO_R6_wrapper_hw_platform_0/ps7_init.tcl' is done.
07:00:43 INFO  : Context for 'APU' is selected.
07:00:44 INFO  : Hardware design information is loaded from 'C:/Sim/VIDEO_R7/VIDEO_R6.sdk/VIDEO_R6_wrapper_hw_platform_0/system.hdf'.
07:00:44 INFO  : Context for 'APU' is selected.
07:00:44 INFO  : 'stop' command is executed.
07:00:44 INFO  : 'ps7_init' command is executed.
07:00:44 INFO  : 'ps7_post_config' command is executed.
07:00:44 INFO  : Context for processor 'ps7_cortexa9_0' is selected.
07:00:44 INFO  : Processor reset is completed for 'ps7_cortexa9_0'.
07:00:44 INFO  : Context for processor 'ps7_cortexa9_0' is selected.
07:00:45 INFO  : The application 'C:/Sim/VIDEO_R7/VIDEO_R6.sdk/r_pattern_v2/Debug/r_pattern_v2.elf' is downloaded to processor 'ps7_cortexa9_0'.
07:00:45 INFO  : ----------------XSDB Script----------------
connect -url tcp:127.0.0.1:3121
source C:/Sim/VIDEO_R7/VIDEO_R6.sdk/VIDEO_R6_wrapper_hw_platform_0/ps7_init.tcl
targets -set -nocase -filter {name =~"APU*" && jtag_cable_name =~ "Digilent Zed 210248565064"} -index 0
loadhw C:/Sim/VIDEO_R7/VIDEO_R6.sdk/VIDEO_R6_wrapper_hw_platform_0/system.hdf
targets -set -nocase -filter {name =~"APU*" && jtag_cable_name =~ "Digilent Zed 210248565064"} -index 0
stop
ps7_init
ps7_post_config
targets -set -nocase -filter {name =~ "ARM*#0" && jtag_cable_name =~ "Digilent Zed 210248565064"} -index 0
rst -processor
targets -set -nocase -filter {name =~ "ARM*#0" && jtag_cable_name =~ "Digilent Zed 210248565064"} -index 0
dow C:/Sim/VIDEO_R7/VIDEO_R6.sdk/r_pattern_v2/Debug/r_pattern_v2.elf
----------------End of Script----------------

07:00:45 INFO  : Memory regions updated for context APU
07:00:45 INFO  : Context for processor 'ps7_cortexa9_0' is selected.
07:00:45 INFO  : 'con' command is executed.
07:00:45 INFO  : ----------------XSDB Script (After Launch)----------------
targets -set -nocase -filter {name =~ "ARM*#0" && jtag_cable_name =~ "Digilent Zed 210248565064"} -index 0
con
----------------End of Script----------------

07:00:45 INFO  : Launch script is exported to file 'C:\Sim\VIDEO_R7\VIDEO_R6.sdk\.sdk\launch_scripts\xilinx_c-c++_application_(system_debugger)\system_debugger_using_debug_r_pattern_v2.elf_on_local.tcl'
07:00:59 INFO  : Disconnected from the channel tcfchan#15.
07:01:00 INFO  : 'targets -set -filter {jtag_cable_name =~ "Digilent Zed 210248565064" && level==0} -index 1' command is executed.
07:01:00 INFO  : 'fpga -state' command is executed.
07:01:00 INFO  : Connected to target on host '127.0.0.1' and port '3121'.
07:01:01 INFO  : Jtag cable 'Digilent Zed 210248565064' is selected.
07:01:01 INFO  : 'jtag frequency' command is executed.
07:01:01 INFO  : Sourcing of 'C:/Sim/VIDEO_R7/VIDEO_R6.sdk/VIDEO_R6_wrapper_hw_platform_0/ps7_init.tcl' is done.
07:01:01 INFO  : Context for 'APU' is selected.
07:01:01 INFO  : Hardware design information is loaded from 'C:/Sim/VIDEO_R7/VIDEO_R6.sdk/VIDEO_R6_wrapper_hw_platform_0/system.hdf'.
07:01:01 INFO  : Context for 'APU' is selected.
07:01:01 INFO  : 'stop' command is executed.
07:01:01 INFO  : 'ps7_init' command is executed.
07:01:01 INFO  : 'ps7_post_config' command is executed.
07:01:01 INFO  : Context for processor 'ps7_cortexa9_0' is selected.
07:01:01 INFO  : Processor reset is completed for 'ps7_cortexa9_0'.
07:01:01 INFO  : Context for processor 'ps7_cortexa9_0' is selected.
07:01:02 INFO  : The application 'C:/Sim/VIDEO_R7/VIDEO_R6.sdk/r_pattern_v2/Debug/r_pattern_v2.elf' is downloaded to processor 'ps7_cortexa9_0'.
07:01:02 INFO  : ----------------XSDB Script----------------
connect -url tcp:127.0.0.1:3121
source C:/Sim/VIDEO_R7/VIDEO_R6.sdk/VIDEO_R6_wrapper_hw_platform_0/ps7_init.tcl
targets -set -nocase -filter {name =~"APU*" && jtag_cable_name =~ "Digilent Zed 210248565064"} -index 0
loadhw C:/Sim/VIDEO_R7/VIDEO_R6.sdk/VIDEO_R6_wrapper_hw_platform_0/system.hdf
targets -set -nocase -filter {name =~"APU*" && jtag_cable_name =~ "Digilent Zed 210248565064"} -index 0
stop
ps7_init
ps7_post_config
targets -set -nocase -filter {name =~ "ARM*#0" && jtag_cable_name =~ "Digilent Zed 210248565064"} -index 0
rst -processor
targets -set -nocase -filter {name =~ "ARM*#0" && jtag_cable_name =~ "Digilent Zed 210248565064"} -index 0
dow C:/Sim/VIDEO_R7/VIDEO_R6.sdk/r_pattern_v2/Debug/r_pattern_v2.elf
----------------End of Script----------------

07:01:02 INFO  : Memory regions updated for context APU
07:01:02 INFO  : Context for processor 'ps7_cortexa9_0' is selected.
07:01:02 INFO  : 'con' command is executed.
07:01:02 INFO  : ----------------XSDB Script (After Launch)----------------
targets -set -nocase -filter {name =~ "ARM*#0" && jtag_cable_name =~ "Digilent Zed 210248565064"} -index 0
con
----------------End of Script----------------

07:01:02 INFO  : Launch script is exported to file 'C:\Sim\VIDEO_R7\VIDEO_R6.sdk\.sdk\launch_scripts\xilinx_c-c++_application_(system_debugger)\system_debugger_using_debug_r_pattern_v2.elf_on_local.tcl'
07:02:23 INFO  : Disconnected from the channel tcfchan#16.
07:02:27 INFO  : Inferring section assignments and sizes from elf file: C:\Sim\VIDEO_R7\VIDEO_R6.sdk\r_pattern_v2\Debug\r_pattern_v2.elf
07:02:29 INFO  : Successfully generated C:\Sim\VIDEO_R7\VIDEO_R6.sdk\r_pattern_v2\src\lscript.ld.
07:02:29 INFO  : Applying linker script to all configurations of project r_pattern_v2.
07:02:29 INFO  : Setting rebuild state to true for all configurations of project r_pattern_v2.
07:02:46 INFO  : Invoking Bootgen: bootgen -image r_pattern_v2.bif -arch zynq -o G:\BOOT.bin -w on
07:02:46 INFO  : Overwriting existing bif file C:\Sim\VIDEO_R7\VIDEO_R6.sdk\r_pattern_v2\bootimage\r_pattern_v2.bif
07:02:47 INFO  : Bootgen command execution is done.
07:05:43 INFO  : 'targets -set -filter {jtag_cable_name =~ "Digilent Zed 210248565064" && level==0} -index 1' command is executed.
07:05:44 INFO  : 'fpga -state' command is executed.
07:05:44 INFO  : Connected to target on host '127.0.0.1' and port '3121'.
07:05:44 INFO  : Jtag cable 'Digilent Zed 210248565064' is selected.
07:05:44 INFO  : 'jtag frequency' command is executed.
07:05:44 INFO  : Sourcing of 'C:/Sim/VIDEO_R7/VIDEO_R6.sdk/VIDEO_R6_wrapper_hw_platform_0/ps7_init.tcl' is done.
07:05:44 INFO  : Context for 'APU' is selected.
07:05:44 INFO  : Hardware design information is loaded from 'C:/Sim/VIDEO_R7/VIDEO_R6.sdk/VIDEO_R6_wrapper_hw_platform_0/system.hdf'.
07:05:44 INFO  : Context for 'APU' is selected.
07:05:44 INFO  : 'stop' command is executed.
07:05:45 INFO  : 'ps7_init' command is executed.
07:05:45 INFO  : 'ps7_post_config' command is executed.
07:05:45 INFO  : Context for processor 'ps7_cortexa9_0' is selected.
07:05:45 INFO  : Processor reset is completed for 'ps7_cortexa9_0'.
07:05:45 INFO  : Context for processor 'ps7_cortexa9_0' is selected.
07:05:46 INFO  : The application 'C:/Sim/VIDEO_R7/VIDEO_R6.sdk/r_pattern_v2/Debug/r_pattern_v2.elf' is downloaded to processor 'ps7_cortexa9_0'.
07:05:46 INFO  : ----------------XSDB Script----------------
connect -url tcp:127.0.0.1:3121
source C:/Sim/VIDEO_R7/VIDEO_R6.sdk/VIDEO_R6_wrapper_hw_platform_0/ps7_init.tcl
targets -set -nocase -filter {name =~"APU*" && jtag_cable_name =~ "Digilent Zed 210248565064"} -index 0
loadhw C:/Sim/VIDEO_R7/VIDEO_R6.sdk/VIDEO_R6_wrapper_hw_platform_0/system.hdf
targets -set -nocase -filter {name =~"APU*" && jtag_cable_name =~ "Digilent Zed 210248565064"} -index 0
stop
ps7_init
ps7_post_config
targets -set -nocase -filter {name =~ "ARM*#0" && jtag_cable_name =~ "Digilent Zed 210248565064"} -index 0
rst -processor
targets -set -nocase -filter {name =~ "ARM*#0" && jtag_cable_name =~ "Digilent Zed 210248565064"} -index 0
dow C:/Sim/VIDEO_R7/VIDEO_R6.sdk/r_pattern_v2/Debug/r_pattern_v2.elf
----------------End of Script----------------

07:05:46 INFO  : Memory regions updated for context APU
07:05:46 INFO  : Context for processor 'ps7_cortexa9_0' is selected.
07:05:46 INFO  : 'con' command is executed.
07:05:46 INFO  : ----------------XSDB Script (After Launch)----------------
targets -set -nocase -filter {name =~ "ARM*#0" && jtag_cable_name =~ "Digilent Zed 210248565064"} -index 0
con
----------------End of Script----------------

07:05:46 INFO  : Launch script is exported to file 'C:\Sim\VIDEO_R7\VIDEO_R6.sdk\.sdk\launch_scripts\xilinx_c-c++_application_(system_debugger)\system_debugger_using_debug_r_pattern_v2.elf_on_local.tcl'
07:06:16 INFO  : Disconnected from the channel tcfchan#17.
07:06:40 INFO  : Invoking Bootgen: bootgen -image r_pattern_v2.bif -arch zynq -o G:\BOOT.bin -w on
07:06:40 INFO  : Overwriting existing bif file C:\Sim\VIDEO_R7\VIDEO_R6.sdk\r_pattern_v2\bootimage\r_pattern_v2.bif
07:06:42 INFO  : Bootgen command execution is done.
07:08:56 INFO  : Invoking Bootgen: bootgen -image r_pattern_v2.bif -arch zynq -o G:\BOOT.bin -w on
07:08:56 INFO  : Overwriting existing bif file C:\Sim\VIDEO_R7\VIDEO_R6.sdk\r_pattern_v2\bootimage\r_pattern_v2.bif
07:08:58 INFO  : Bootgen command execution is done.
07:10:49 INFO  : Invoking Bootgen: bootgen -image r_pattern_v2.bif -arch zynq -o G:\BOOT.bin -w on
07:10:49 INFO  : Overwriting existing bif file C:\Sim\VIDEO_R7\VIDEO_R6.sdk\r_pattern_v2\bootimage\r_pattern_v2.bif
07:10:50 INFO  : Bootgen command execution is done.
07:13:01 INFO  : Invoking Bootgen: bootgen -image r_pattern_v2.bif -arch zynq -o G:\BOOT.bin -w on
07:13:01 INFO  : Overwriting existing bif file C:\Sim\VIDEO_R7\VIDEO_R6.sdk\r_pattern_v2\bootimage\r_pattern_v2.bif
07:13:02 INFO  : Bootgen command execution is done.
07:17:01 INFO  : Invoking Bootgen: bootgen -image r_pattern_v2.bif -arch zynq -o G:\BOOT.bin -w on
07:17:01 INFO  : Overwriting existing bif file C:\Sim\VIDEO_R7\VIDEO_R6.sdk\r_pattern_v2\bootimage\r_pattern_v2.bif
07:17:03 INFO  : Bootgen command execution is done.
07:18:33 INFO  : Invoking Bootgen: bootgen -image r_pattern_v2.bif -arch zynq -o G:\BOOT.bin -w on
07:18:33 INFO  : Overwriting existing bif file C:\Sim\VIDEO_R7\VIDEO_R6.sdk\r_pattern_v2\bootimage\r_pattern_v2.bif
07:18:34 INFO  : Bootgen command execution is done.
07:20:57 INFO  : Invoking Bootgen: bootgen -image r_pattern_v2.bif -arch zynq -o G:\BOOT.bin -w on
07:20:57 INFO  : Overwriting existing bif file C:\Sim\VIDEO_R7\VIDEO_R6.sdk\r_pattern_v2\bootimage\r_pattern_v2.bif
07:20:59 INFO  : Bootgen command execution is done.
19:29:02 INFO  : Invoking Bootgen: bootgen -image r_pattern_v2.bif -arch zynq -o G:\BOOT.bin -w on
19:29:02 INFO  : Overwriting existing bif file C:\Sim\VIDEO_R7\VIDEO_R6.sdk\r_pattern_v2\bootimage\r_pattern_v2.bif
19:29:03 INFO  : Bootgen command execution is done.
19:33:41 INFO  : Invoking Bootgen: bootgen -image r_pattern_v2.bif -arch zynq -o G:\BOOT.bin -w on
19:33:41 INFO  : Overwriting existing bif file C:\Sim\VIDEO_R7\VIDEO_R6.sdk\r_pattern_v2\bootimage\r_pattern_v2.bif
19:33:42 INFO  : Bootgen command execution is done.
19:41:00 INFO  : Invoking Bootgen: bootgen -image r_pattern_v2.bif -arch zynq -o G:\BOOT.bin -w on
19:41:00 INFO  : Overwriting existing bif file C:\Sim\VIDEO_R7\VIDEO_R6.sdk\r_pattern_v2\bootimage\r_pattern_v2.bif
19:41:02 INFO  : Bootgen command execution is done.
19:42:55 INFO  : 'targets -set -filter {jtag_cable_name =~ "Digilent Zed 210248565064" && level==0} -index 1' command is executed.
19:42:55 INFO  : 'fpga -state' command is executed.
19:42:55 INFO  : Connected to target on host '127.0.0.1' and port '3121'.
19:42:55 INFO  : Jtag cable 'Digilent Zed 210248565064' is selected.
19:42:55 INFO  : 'jtag frequency' command is executed.
19:42:55 INFO  : Sourcing of 'C:/Sim/VIDEO_R7/VIDEO_R6.sdk/VIDEO_R6_wrapper_hw_platform_0/ps7_init.tcl' is done.
19:42:55 INFO  : Context for 'APU' is selected.
19:42:55 INFO  : Hardware design information is loaded from 'C:/Sim/VIDEO_R7/VIDEO_R6.sdk/VIDEO_R6_wrapper_hw_platform_0/system.hdf'.
19:42:55 INFO  : Context for 'APU' is selected.
19:42:55 INFO  : 'stop' command is executed.
19:42:56 INFO  : 'ps7_init' command is executed.
19:42:56 INFO  : 'ps7_post_config' command is executed.
19:42:56 INFO  : Context for processor 'ps7_cortexa9_0' is selected.
19:42:56 INFO  : Processor reset is completed for 'ps7_cortexa9_0'.
19:42:56 INFO  : Context for processor 'ps7_cortexa9_0' is selected.
19:42:56 INFO  : The application 'C:/Sim/VIDEO_R7/VIDEO_R6.sdk/r_pattern_v2/Debug/r_pattern_v2.elf' is downloaded to processor 'ps7_cortexa9_0'.
19:42:56 INFO  : ----------------XSDB Script----------------
connect -url tcp:127.0.0.1:3121
source C:/Sim/VIDEO_R7/VIDEO_R6.sdk/VIDEO_R6_wrapper_hw_platform_0/ps7_init.tcl
targets -set -nocase -filter {name =~"APU*" && jtag_cable_name =~ "Digilent Zed 210248565064"} -index 0
loadhw C:/Sim/VIDEO_R7/VIDEO_R6.sdk/VIDEO_R6_wrapper_hw_platform_0/system.hdf
targets -set -nocase -filter {name =~"APU*" && jtag_cable_name =~ "Digilent Zed 210248565064"} -index 0
stop
ps7_init
ps7_post_config
targets -set -nocase -filter {name =~ "ARM*#0" && jtag_cable_name =~ "Digilent Zed 210248565064"} -index 0
rst -processor
targets -set -nocase -filter {name =~ "ARM*#0" && jtag_cable_name =~ "Digilent Zed 210248565064"} -index 0
dow C:/Sim/VIDEO_R7/VIDEO_R6.sdk/r_pattern_v2/Debug/r_pattern_v2.elf
----------------End of Script----------------

19:42:56 INFO  : Memory regions updated for context APU
19:42:57 INFO  : Context for processor 'ps7_cortexa9_0' is selected.
19:42:57 INFO  : 'con' command is executed.
19:42:57 INFO  : ----------------XSDB Script (After Launch)----------------
targets -set -nocase -filter {name =~ "ARM*#0" && jtag_cable_name =~ "Digilent Zed 210248565064"} -index 0
con
----------------End of Script----------------

19:42:57 INFO  : Launch script is exported to file 'C:\Sim\VIDEO_R7\VIDEO_R6.sdk\.sdk\launch_scripts\xilinx_c-c++_application_(system_debugger)\system_debugger_using_debug_r_pattern_v2.elf_on_local.tcl'
19:43:52 INFO  : Disconnected from the channel tcfchan#18.
19:49:56 INFO  : Invoking Bootgen: bootgen -image r_pattern_v2.bif -arch zynq -o G:\BOOT.bin -w on
19:49:56 INFO  : Overwriting existing bif file C:\Sim\VIDEO_R7\VIDEO_R6.sdk\r_pattern_v2\bootimage\r_pattern_v2.bif
19:49:57 INFO  : Bootgen command execution is done.
19:53:24 INFO  : Inferring section assignments and sizes from elf file: C:\Sim\VIDEO_R7\VIDEO_R6.sdk\r_pattern_v2\Debug\r_pattern_v2.elf
19:53:26 INFO  : Successfully generated C:\Sim\VIDEO_R7\VIDEO_R6.sdk\r_pattern_v2\src\lscript.ld.
19:53:26 INFO  : Applying linker script to all configurations of project r_pattern_v2.
19:53:26 INFO  : Setting rebuild state to true for all configurations of project r_pattern_v2.
19:53:46 INFO  : Invoking Bootgen: bootgen -image r_pattern_v2.bif -arch zynq -o G:\BOOT.bin -w on
19:53:46 INFO  : Overwriting existing bif file C:\Sim\VIDEO_R7\VIDEO_R6.sdk\r_pattern_v2\bootimage\r_pattern_v2.bif
19:53:48 INFO  : Bootgen command execution is done.
19:57:59 INFO  : Invoking Bootgen: bootgen -image r_pattern_v2.bif -arch zynq -o G:\BOOT.bin -w on
19:57:59 INFO  : Overwriting existing bif file C:\Sim\VIDEO_R7\VIDEO_R6.sdk\r_pattern_v2\bootimage\r_pattern_v2.bif
19:58:00 INFO  : Bootgen command execution is done.
20:01:15 INFO  : Invoking Bootgen: bootgen -image r_pattern_v2.bif -arch zynq -o G:\BOOT.bin -w on
20:01:15 INFO  : Overwriting existing bif file C:\Sim\VIDEO_R7\VIDEO_R6.sdk\r_pattern_v2\bootimage\r_pattern_v2.bif
20:01:16 INFO  : Bootgen command execution is done.
20:02:18 INFO  : Invoking Bootgen: bootgen -image r_pattern_v2.bif -arch zynq -o G:\BOOT.bin -w on
20:02:18 INFO  : Overwriting existing bif file C:\Sim\VIDEO_R7\VIDEO_R6.sdk\r_pattern_v2\bootimage\r_pattern_v2.bif
20:02:20 INFO  : Bootgen command execution is done.
20:03:22 INFO  : Invoking Bootgen: bootgen -image r_pattern_v2.bif -arch zynq -o G:\BOOT.bin -w on
20:03:22 INFO  : Overwriting existing bif file C:\Sim\VIDEO_R7\VIDEO_R6.sdk\r_pattern_v2\bootimage\r_pattern_v2.bif
20:03:23 INFO  : Bootgen command execution is done.
20:04:11 INFO  : Invoking Bootgen: bootgen -image r_pattern_v2.bif -arch zynq -o G:\BOOT.bin -w on
20:04:11 INFO  : Overwriting existing bif file C:\Sim\VIDEO_R7\VIDEO_R6.sdk\r_pattern_v2\bootimage\r_pattern_v2.bif
20:04:13 INFO  : Bootgen command execution is done.
20:05:13 INFO  : Invoking Bootgen: bootgen -image r_pattern_v2.bif -arch zynq -o G:\BOOT.bin -w on
20:05:13 INFO  : Overwriting existing bif file C:\Sim\VIDEO_R7\VIDEO_R6.sdk\r_pattern_v2\bootimage\r_pattern_v2.bif
20:05:14 INFO  : Bootgen command execution is done.
20:10:11 INFO  : Invoking Bootgen: bootgen -image r_pattern_v2.bif -arch zynq -o G:\BOOT.bin -w on
20:10:11 INFO  : Overwriting existing bif file C:\Sim\VIDEO_R7\VIDEO_R6.sdk\r_pattern_v2\bootimage\r_pattern_v2.bif
20:10:12 INFO  : Bootgen command execution is done.
20:14:30 INFO  : Invoking Bootgen: bootgen -image r_pattern_v2.bif -arch zynq -o G:\BOOT.bin -w on
20:14:30 INFO  : Overwriting existing bif file C:\Sim\VIDEO_R7\VIDEO_R6.sdk\r_pattern_v2\bootimage\r_pattern_v2.bif
20:14:32 INFO  : Bootgen command execution is done.
20:21:58 INFO  : Inferring section assignments and sizes from elf file: C:\Sim\VIDEO_R7\VIDEO_R6.sdk\r_pattern_v2\Debug\r_pattern_v2.elf
20:22:00 INFO  : Successfully generated C:\Sim\VIDEO_R7\VIDEO_R6.sdk\r_pattern_v2\src\lscript.ld.
20:22:00 INFO  : Applying linker script to all configurations of project r_pattern_v2.
20:22:00 INFO  : Setting rebuild state to true for all configurations of project r_pattern_v2.
20:22:16 INFO  : Invoking Bootgen: bootgen -image r_pattern_v2.bif -arch zynq -o G:\BOOT.bin -w on
20:22:16 INFO  : Overwriting existing bif file C:\Sim\VIDEO_R7\VIDEO_R6.sdk\r_pattern_v2\bootimage\r_pattern_v2.bif
20:22:18 INFO  : Bootgen command execution is done.
20:24:17 INFO  : Invoking Bootgen: bootgen -image r_pattern_v2.bif -arch zynq -o G:\BOOT.bin -w on
20:24:17 INFO  : Overwriting existing bif file C:\Sim\VIDEO_R7\VIDEO_R6.sdk\r_pattern_v2\bootimage\r_pattern_v2.bif
20:24:18 INFO  : Bootgen command execution is done.
20:24:33 INFO  : Invoking Bootgen: bootgen -image r_pattern_v2.bif -arch zynq -o G:\BOOT.bin -w on
20:24:33 INFO  : Overwriting existing bif file C:\Sim\VIDEO_R7\VIDEO_R6.sdk\r_pattern_v2\bootimage\r_pattern_v2.bif
20:24:34 INFO  : Bootgen command execution is done.
20:26:39 INFO  : Invoking Bootgen: bootgen -image r_pattern_v2.bif -arch zynq -o G:\BOOT.bin -w on
20:26:39 INFO  : Overwriting existing bif file C:\Sim\VIDEO_R7\VIDEO_R6.sdk\r_pattern_v2\bootimage\r_pattern_v2.bif
20:26:40 INFO  : Bootgen command execution is done.
20:35:26 INFO  : Invoking Bootgen: bootgen -image r_pattern_v2.bif -arch zynq -o G:\BOOT.bin -w on
20:35:26 INFO  : Overwriting existing bif file C:\Sim\VIDEO_R7\VIDEO_R6.sdk\r_pattern_v2\bootimage\r_pattern_v2.bif
20:35:28 INFO  : Bootgen command execution is done.
20:37:46 INFO  : Invoking Bootgen: bootgen -image r_pattern_v2.bif -arch zynq -o G:\BOOT.bin -w on
20:37:46 INFO  : Overwriting existing bif file C:\Sim\VIDEO_R7\VIDEO_R6.sdk\r_pattern_v2\bootimage\r_pattern_v2.bif
20:37:47 INFO  : Bootgen command execution is done.
20:39:06 INFO  : Invoking Bootgen: bootgen -image r_pattern_v2.bif -arch zynq -o G:\BOOT.bin -w on
20:39:06 INFO  : Overwriting existing bif file C:\Sim\VIDEO_R7\VIDEO_R6.sdk\r_pattern_v2\bootimage\r_pattern_v2.bif
20:39:08 INFO  : Bootgen command execution is done.
20:40:31 INFO  : Invoking Bootgen: bootgen -image r_pattern_v2.bif -arch zynq -o G:\BOOT.bin -w on
20:40:31 INFO  : Overwriting existing bif file C:\Sim\VIDEO_R7\VIDEO_R6.sdk\r_pattern_v2\bootimage\r_pattern_v2.bif
20:40:32 INFO  : Bootgen command execution is done.
20:44:06 INFO  : Invoking Bootgen: bootgen -image r_pattern_v2.bif -arch zynq -o G:\BOOT.bin -w on
20:44:06 INFO  : Overwriting existing bif file C:\Sim\VIDEO_R7\VIDEO_R6.sdk\r_pattern_v2\bootimage\r_pattern_v2.bif
20:44:07 INFO  : Bootgen command execution is done.
20:45:51 INFO  : Invoking Bootgen: bootgen -image r_pattern_v2.bif -arch zynq -o G:\BOOT.bin -w on
20:45:51 INFO  : Overwriting existing bif file C:\Sim\VIDEO_R7\VIDEO_R6.sdk\r_pattern_v2\bootimage\r_pattern_v2.bif
20:45:53 INFO  : Bootgen command execution is done.
20:46:56 INFO  : Invoking Bootgen: bootgen -image r_pattern_v2.bif -arch zynq -o G:\BOOT.bin -w on
20:46:56 INFO  : Overwriting existing bif file C:\Sim\VIDEO_R7\VIDEO_R6.sdk\r_pattern_v2\bootimage\r_pattern_v2.bif
20:46:58 INFO  : Bootgen command execution is done.
20:52:48 INFO  : 'targets -set -filter {jtag_cable_name =~ "Digilent Zed 210248565064" && level==0} -index 1' command is executed.
20:52:48 INFO  : 'fpga -state' command is executed.
20:52:48 INFO  : Connected to target on host '127.0.0.1' and port '3121'.
20:52:48 INFO  : Jtag cable 'Digilent Zed 210248565064' is selected.
20:52:48 INFO  : 'jtag frequency' command is executed.
20:52:48 INFO  : Sourcing of 'C:/Sim/VIDEO_R7/VIDEO_R6.sdk/VIDEO_R6_wrapper_hw_platform_0/ps7_init.tcl' is done.
20:52:48 INFO  : Context for 'APU' is selected.
20:52:48 INFO  : Hardware design information is loaded from 'C:/Sim/VIDEO_R7/VIDEO_R6.sdk/VIDEO_R6_wrapper_hw_platform_0/system.hdf'.
20:52:48 INFO  : Context for 'APU' is selected.
20:52:49 INFO  : 'stop' command is executed.
20:52:49 INFO  : 'ps7_init' command is executed.
20:52:49 INFO  : 'ps7_post_config' command is executed.
20:52:49 INFO  : Context for processor 'ps7_cortexa9_0' is selected.
20:52:49 INFO  : Processor reset is completed for 'ps7_cortexa9_0'.
20:52:49 INFO  : Context for processor 'ps7_cortexa9_0' is selected.
20:52:50 INFO  : The application 'C:/Sim/VIDEO_R7/VIDEO_R6.sdk/r_pattern_v2/Debug/r_pattern_v2.elf' is downloaded to processor 'ps7_cortexa9_0'.
20:52:50 INFO  : ----------------XSDB Script----------------
connect -url tcp:127.0.0.1:3121
source C:/Sim/VIDEO_R7/VIDEO_R6.sdk/VIDEO_R6_wrapper_hw_platform_0/ps7_init.tcl
targets -set -nocase -filter {name =~"APU*" && jtag_cable_name =~ "Digilent Zed 210248565064"} -index 0
loadhw C:/Sim/VIDEO_R7/VIDEO_R6.sdk/VIDEO_R6_wrapper_hw_platform_0/system.hdf
targets -set -nocase -filter {name =~"APU*" && jtag_cable_name =~ "Digilent Zed 210248565064"} -index 0
stop
ps7_init
ps7_post_config
targets -set -nocase -filter {name =~ "ARM*#0" && jtag_cable_name =~ "Digilent Zed 210248565064"} -index 0
rst -processor
targets -set -nocase -filter {name =~ "ARM*#0" && jtag_cable_name =~ "Digilent Zed 210248565064"} -index 0
dow C:/Sim/VIDEO_R7/VIDEO_R6.sdk/r_pattern_v2/Debug/r_pattern_v2.elf
----------------End of Script----------------

20:52:50 INFO  : Memory regions updated for context APU
20:52:50 INFO  : Context for processor 'ps7_cortexa9_0' is selected.
20:52:50 INFO  : 'con' command is executed.
20:52:50 INFO  : ----------------XSDB Script (After Launch)----------------
targets -set -nocase -filter {name =~ "ARM*#0" && jtag_cable_name =~ "Digilent Zed 210248565064"} -index 0
con
----------------End of Script----------------

20:52:50 INFO  : Launch script is exported to file 'C:\Sim\VIDEO_R7\VIDEO_R6.sdk\.sdk\launch_scripts\xilinx_c-c++_application_(system_debugger)\system_debugger_using_debug_r_pattern_v2.elf_on_local.tcl'
20:53:28 INFO  : Disconnected from the channel tcfchan#19.
20:53:31 INFO  : 'targets -set -filter {jtag_cable_name =~ "Digilent Zed 210248565064" && level==0} -index 1' command is executed.
20:53:31 INFO  : 'fpga -state' command is executed.
20:53:31 INFO  : Connected to target on host '127.0.0.1' and port '3121'.
20:53:31 INFO  : Jtag cable 'Digilent Zed 210248565064' is selected.
20:53:31 INFO  : 'jtag frequency' command is executed.
20:53:31 INFO  : Sourcing of 'C:/Sim/VIDEO_R7/VIDEO_R6.sdk/VIDEO_R6_wrapper_hw_platform_0/ps7_init.tcl' is done.
20:53:31 INFO  : Context for 'APU' is selected.
20:53:31 INFO  : Hardware design information is loaded from 'C:/Sim/VIDEO_R7/VIDEO_R6.sdk/VIDEO_R6_wrapper_hw_platform_0/system.hdf'.
20:53:31 INFO  : Context for 'APU' is selected.
20:53:31 INFO  : 'stop' command is executed.
20:53:32 INFO  : 'ps7_init' command is executed.
20:53:32 INFO  : 'ps7_post_config' command is executed.
20:53:32 INFO  : Context for processor 'ps7_cortexa9_0' is selected.
20:53:32 INFO  : Processor reset is completed for 'ps7_cortexa9_0'.
20:53:32 INFO  : Context for processor 'ps7_cortexa9_0' is selected.
20:53:32 INFO  : The application 'C:/Sim/VIDEO_R7/VIDEO_R6.sdk/r_pattern_v2/Debug/r_pattern_v2.elf' is downloaded to processor 'ps7_cortexa9_0'.
20:53:32 INFO  : ----------------XSDB Script----------------
connect -url tcp:127.0.0.1:3121
source C:/Sim/VIDEO_R7/VIDEO_R6.sdk/VIDEO_R6_wrapper_hw_platform_0/ps7_init.tcl
targets -set -nocase -filter {name =~"APU*" && jtag_cable_name =~ "Digilent Zed 210248565064"} -index 0
loadhw C:/Sim/VIDEO_R7/VIDEO_R6.sdk/VIDEO_R6_wrapper_hw_platform_0/system.hdf
targets -set -nocase -filter {name =~"APU*" && jtag_cable_name =~ "Digilent Zed 210248565064"} -index 0
stop
ps7_init
ps7_post_config
targets -set -nocase -filter {name =~ "ARM*#0" && jtag_cable_name =~ "Digilent Zed 210248565064"} -index 0
rst -processor
targets -set -nocase -filter {name =~ "ARM*#0" && jtag_cable_name =~ "Digilent Zed 210248565064"} -index 0
dow C:/Sim/VIDEO_R7/VIDEO_R6.sdk/r_pattern_v2/Debug/r_pattern_v2.elf
----------------End of Script----------------

20:53:32 INFO  : Memory regions updated for context APU
20:53:32 INFO  : Context for processor 'ps7_cortexa9_0' is selected.
20:53:32 INFO  : 'con' command is executed.
20:53:32 INFO  : ----------------XSDB Script (After Launch)----------------
targets -set -nocase -filter {name =~ "ARM*#0" && jtag_cable_name =~ "Digilent Zed 210248565064"} -index 0
con
----------------End of Script----------------

20:53:32 INFO  : Launch script is exported to file 'C:\Sim\VIDEO_R7\VIDEO_R6.sdk\.sdk\launch_scripts\xilinx_c-c++_application_(system_debugger)\system_debugger_using_debug_r_pattern_v2.elf_on_local.tcl'
20:54:02 INFO  : Disconnected from the channel tcfchan#20.
20:54:29 INFO  : Invoking Bootgen: bootgen -image r_pattern_v2.bif -arch zynq -o G:\BOOT.bin -w on
20:54:29 INFO  : Overwriting existing bif file C:\Sim\VIDEO_R7\VIDEO_R6.sdk\r_pattern_v2\bootimage\r_pattern_v2.bif
20:54:30 INFO  : Bootgen command execution is done.
20:55:41 INFO  : Invoking Bootgen: bootgen -image r_pattern_v2.bif -arch zynq -o G:\BOOT.bin -w on
20:55:41 INFO  : Overwriting existing bif file C:\Sim\VIDEO_R7\VIDEO_R6.sdk\r_pattern_v2\bootimage\r_pattern_v2.bif
20:55:43 INFO  : Bootgen command execution is done.
20:56:35 INFO  : Inferring section assignments and sizes from elf file: C:\Sim\VIDEO_R7\VIDEO_R6.sdk\r_pattern_v2\Debug\r_pattern_v2.elf
20:56:37 INFO  : Successfully generated C:\Sim\VIDEO_R7\VIDEO_R6.sdk\r_pattern_v2\src\lscript.ld.
20:56:37 INFO  : Applying linker script to all configurations of project r_pattern_v2.
20:56:37 INFO  : Setting rebuild state to true for all configurations of project r_pattern_v2.
20:56:57 INFO  : Invoking Bootgen: bootgen -image r_pattern_v2.bif -arch zynq -o G:\BOOT.bin -w on
20:56:57 INFO  : Overwriting existing bif file C:\Sim\VIDEO_R7\VIDEO_R6.sdk\r_pattern_v2\bootimage\r_pattern_v2.bif
20:56:59 INFO  : Bootgen command execution is done.
20:59:26 INFO  : Inferring section assignments and sizes from elf file: C:\Sim\VIDEO_R7\VIDEO_R6.sdk\r_pattern_v2\Debug\r_pattern_v2.elf
20:59:29 INFO  : Successfully generated C:\Sim\VIDEO_R7\VIDEO_R6.sdk\r_pattern_v2\src\lscript.ld.
20:59:29 INFO  : Applying linker script to all configurations of project r_pattern_v2.
20:59:29 INFO  : Setting rebuild state to true for all configurations of project r_pattern_v2.
20:59:51 INFO  : Invoking Bootgen: bootgen -image r_pattern_v2.bif -arch zynq -o G:\BOOT.bin -w on
20:59:51 INFO  : Overwriting existing bif file C:\Sim\VIDEO_R7\VIDEO_R6.sdk\r_pattern_v2\bootimage\r_pattern_v2.bif
20:59:52 INFO  : Bootgen command execution is done.
21:02:23 INFO  : Inferring section assignments and sizes from elf file: C:\Sim\VIDEO_R7\VIDEO_R6.sdk\r_pattern_v2\Debug\r_pattern_v2.elf
21:02:25 INFO  : Successfully generated C:\Sim\VIDEO_R7\VIDEO_R6.sdk\r_pattern_v2\src\lscript.ld.
21:02:25 INFO  : Applying linker script to all configurations of project r_pattern_v2.
21:02:25 INFO  : Setting rebuild state to true for all configurations of project r_pattern_v2.
21:02:45 INFO  : Invoking Bootgen: bootgen -image r_pattern_v2.bif -arch zynq -o G:\BOOT.bin -w on
21:02:45 INFO  : Overwriting existing bif file C:\Sim\VIDEO_R7\VIDEO_R6.sdk\r_pattern_v2\bootimage\r_pattern_v2.bif
21:02:46 INFO  : Bootgen command execution is done.
21:04:38 INFO  : Inferring section assignments and sizes from elf file: C:\Sim\VIDEO_R7\VIDEO_R6.sdk\r_pattern_v2\Debug\r_pattern_v2.elf
21:04:41 INFO  : Successfully generated C:\Sim\VIDEO_R7\VIDEO_R6.sdk\r_pattern_v2\src\lscript.ld.
21:04:41 INFO  : Applying linker script to all configurations of project r_pattern_v2.
21:04:41 INFO  : Setting rebuild state to true for all configurations of project r_pattern_v2.
21:04:59 INFO  : Invoking Bootgen: bootgen -image r_pattern_v2.bif -arch zynq -o G:\BOOT.bin -w on
21:04:59 INFO  : Overwriting existing bif file C:\Sim\VIDEO_R7\VIDEO_R6.sdk\r_pattern_v2\bootimage\r_pattern_v2.bif
21:05:01 INFO  : Bootgen command execution is done.
21:07:29 INFO  : Inferring section assignments and sizes from elf file: C:\Sim\VIDEO_R7\VIDEO_R6.sdk\r_pattern_v2\Debug\r_pattern_v2.elf
21:07:32 INFO  : Successfully generated C:\Sim\VIDEO_R7\VIDEO_R6.sdk\r_pattern_v2\src\lscript.ld.
21:07:32 INFO  : Applying linker script to all configurations of project r_pattern_v2.
21:07:32 INFO  : Setting rebuild state to true for all configurations of project r_pattern_v2.
21:07:53 INFO  : Invoking Bootgen: bootgen -image r_pattern_v2.bif -arch zynq -o G:\BOOT.bin -w on
21:07:53 INFO  : Overwriting existing bif file C:\Sim\VIDEO_R7\VIDEO_R6.sdk\r_pattern_v2\bootimage\r_pattern_v2.bif
21:07:55 INFO  : Bootgen command execution is done.
21:09:21 INFO  : Invoking Bootgen: bootgen -image r_pattern_v2.bif -arch zynq -o G:\BOOT.bin -w on
21:09:21 INFO  : Overwriting existing bif file C:\Sim\VIDEO_R7\VIDEO_R6.sdk\r_pattern_v2\bootimage\r_pattern_v2.bif
21:09:23 INFO  : Bootgen command execution is done.
21:10:09 INFO  : Inferring section assignments and sizes from elf file: C:\Sim\VIDEO_R7\VIDEO_R6.sdk\r_pattern_v2\Debug\r_pattern_v2.elf
21:10:11 INFO  : Successfully generated C:\Sim\VIDEO_R7\VIDEO_R6.sdk\r_pattern_v2\src\lscript.ld.
21:10:11 INFO  : Applying linker script to all configurations of project r_pattern_v2.
21:10:11 INFO  : Setting rebuild state to true for all configurations of project r_pattern_v2.
21:10:30 INFO  : Invoking Bootgen: bootgen -image r_pattern_v2.bif -arch zynq -o G:\BOOT.bin -w on
21:10:30 INFO  : Overwriting existing bif file C:\Sim\VIDEO_R7\VIDEO_R6.sdk\r_pattern_v2\bootimage\r_pattern_v2.bif
21:10:32 INFO  : Bootgen command execution is done.
21:11:37 INFO  : Invoking Bootgen: bootgen -image r_pattern_v2.bif -arch zynq -o G:\BOOT.bin -w on
21:11:37 INFO  : Overwriting existing bif file C:\Sim\VIDEO_R7\VIDEO_R6.sdk\r_pattern_v2\bootimage\r_pattern_v2.bif
21:11:38 INFO  : Bootgen command execution is done.
21:13:26 INFO  : Invoking Bootgen: bootgen -image r_pattern_v2.bif -arch zynq -o G:\BOOT.bin -w on
21:13:26 INFO  : Overwriting existing bif file C:\Sim\VIDEO_R7\VIDEO_R6.sdk\r_pattern_v2\bootimage\r_pattern_v2.bif
21:13:28 INFO  : Bootgen command execution is done.
21:16:11 INFO  : Inferring section assignments and sizes from elf file: C:\Sim\VIDEO_R7\VIDEO_R6.sdk\r_pattern_v2\Debug\r_pattern_v2.elf
21:16:14 INFO  : Successfully generated C:\Sim\VIDEO_R7\VIDEO_R6.sdk\r_pattern_v2\src\lscript.ld.
21:16:14 INFO  : Applying linker script to all configurations of project r_pattern_v2.
21:16:14 INFO  : Setting rebuild state to true for all configurations of project r_pattern_v2.
21:16:35 INFO  : Invoking Bootgen: bootgen -image r_pattern_v2.bif -arch zynq -o G:\BOOT.bin -w on
21:16:35 INFO  : Overwriting existing bif file C:\Sim\VIDEO_R7\VIDEO_R6.sdk\r_pattern_v2\bootimage\r_pattern_v2.bif
21:16:36 INFO  : Bootgen command execution is done.
21:17:22 INFO  : Invoking Bootgen: bootgen -image r_pattern_v2.bif -arch zynq -o G:\BOOT.bin -w on
21:17:22 INFO  : Overwriting existing bif file C:\Sim\VIDEO_R7\VIDEO_R6.sdk\r_pattern_v2\bootimage\r_pattern_v2.bif
21:17:24 INFO  : Bootgen command execution is done.
21:18:29 INFO  : Invoking Bootgen: bootgen -image r_pattern_v2.bif -arch zynq -o G:\BOOT.bin -w on
21:18:29 INFO  : Overwriting existing bif file C:\Sim\VIDEO_R7\VIDEO_R6.sdk\r_pattern_v2\bootimage\r_pattern_v2.bif
21:18:31 INFO  : Bootgen command execution is done.
21:25:47 INFO  : Inferring section assignments and sizes from elf file: C:\Sim\VIDEO_R7\VIDEO_R6.sdk\r_pattern_v3\Debug\r_pattern_v3.elf
21:25:49 INFO  : Successfully generated C:\Sim\VIDEO_R7\VIDEO_R6.sdk\r_pattern_v3\src\lscript.ld.
21:25:49 INFO  : Applying linker script to all configurations of project r_pattern_v3.
21:25:49 INFO  : Setting rebuild state to true for all configurations of project r_pattern_v3.
21:26:10 INFO  : Invoking Bootgen: bootgen -image r_pattern_v3.bif -arch zynq -o G:\BOOT.bin -w on
21:26:10 INFO  : Creating new bif file C:\Sim\VIDEO_R7\VIDEO_R6.sdk\r_pattern_v3\bootimage\r_pattern_v3.bif
21:26:12 INFO  : Bootgen command execution is done.
21:27:15 ERROR : Unexpected error while parsing XMD response ?: com.google.gson.JsonSyntaxException: com.google.gson.stream.MalformedJsonException: invalid number or unquoted string near 
